

Started GET "/" for 127.0.0.1 at 2015-07-18 14:48:34 -0700

ActiveRecord::PendingMigrationError - Migrations are pending; run 'bin/rake db:migrate RAILS_ENV=development' to resolve this issue.:
  activerecord (4.0.2) lib/active_record/migration.rb:379:in `check_pending!'
  activerecord (4.0.2) lib/active_record/migration.rb:366:in `call'
  actionpack (4.0.2) lib/action_dispatch/middleware/callbacks.rb:29:in `block in call'
  activesupport (4.0.2) lib/active_support/callbacks.rb:373:in `_run__2193016774340943525__call__callbacks'
  activesupport (4.0.2) lib/active_support/callbacks.rb:80:in `run_callbacks'
  actionpack (4.0.2) lib/action_dispatch/middleware/callbacks.rb:27:in `call'
  actionpack (4.0.2) lib/action_dispatch/middleware/reloader.rb:64:in `call'
  actionpack (4.0.2) lib/action_dispatch/middleware/remote_ip.rb:76:in `call'
  better_errors (1.0.1) lib/better_errors/middleware.rb:84:in `protected_app_call'
  better_errors (1.0.1) lib/better_errors/middleware.rb:79:in `better_errors_call'
  better_errors (1.0.1) lib/better_errors/middleware.rb:56:in `call'
  actionpack (4.0.2) lib/action_dispatch/middleware/debug_exceptions.rb:17:in `call'
  actionpack (4.0.2) lib/action_dispatch/middleware/show_exceptions.rb:30:in `call'
  railties (4.0.2) lib/rails/rack/logger.rb:38:in `call_app'
  railties (4.0.2) lib/rails/rack/logger.rb:20:in `block in call'
  activesupport (4.0.2) lib/active_support/tagged_logging.rb:67:in `block in tagged'
  activesupport (4.0.2) lib/active_support/tagged_logging.rb:25:in `tagged'
  activesupport (4.0.2) lib/active_support/tagged_logging.rb:67:in `tagged'
  railties (4.0.2) lib/rails/rack/logger.rb:20:in `call'
  actionpack (4.0.2) lib/action_dispatch/middleware/request_id.rb:21:in `call'
  rack (1.5.2) lib/rack/methodoverride.rb:21:in `call'
  rack (1.5.2) lib/rack/runtime.rb:17:in `call'
  activesupport (4.0.2) lib/active_support/cache/strategy/local_cache.rb:83:in `call'
  rack (1.5.2) lib/rack/lock.rb:17:in `call'
  actionpack (4.0.2) lib/action_dispatch/middleware/static.rb:64:in `call'
  rack (1.5.2) lib/rack/sendfile.rb:112:in `call'
  railties (4.0.2) lib/rails/engine.rb:511:in `call'
  railties (4.0.2) lib/rails/application.rb:97:in `call'
  rack (1.5.2) lib/rack/lock.rb:17:in `call'
  rack (1.5.2) lib/rack/content_length.rb:14:in `call'
  rack (1.5.2) lib/rack/handler/webrick.rb:60:in `service'
  /Users/appacademy/.rbenv/versions/2.1.2/lib/ruby/2.1.0/webrick/httpserver.rb:138:in `service'
  /Users/appacademy/.rbenv/versions/2.1.2/lib/ruby/2.1.0/webrick/httpserver.rb:94:in `run'
  /Users/appacademy/.rbenv/versions/2.1.2/lib/ruby/2.1.0/webrick/server.rb:295:in `block in start_thread'



Started POST "/__better_errors/70219257144500/variables" for 127.0.0.1 at 2015-07-18 14:48:34 -0700
  [1m[36m (1.8ms)[0m  [1mCREATE TABLE "schema_migrations" ("version" varchar(255) NOT NULL) [0m
  [1m[35m (1.0ms)[0m  CREATE UNIQUE INDEX "unique_schema_migrations" ON "schema_migrations" ("version")
  [1m[36mActiveRecord::SchemaMigration Load (0.1ms)[0m  [1mSELECT "schema_migrations".* FROM "schema_migrations"[0m
Migrating to CreateUsers (20140427221221)
  [1m[35m (0.1ms)[0m  begin transaction
  [1m[36m (0.5ms)[0m  [1mCREATE TABLE "users" ("id" INTEGER PRIMARY KEY AUTOINCREMENT NOT NULL, "username" varchar(255) NOT NULL, "password" varchar(255) NOT NULL, "created_at" datetime, "updated_at" datetime) [0m
  [1m[35mSQL (0.3ms)[0m  INSERT INTO "schema_migrations" ("version") VALUES (?)  [["version", "20140427221221"]]
  [1m[36m (1.0ms)[0m  [1mcommit transaction[0m
Migrating to RemovePasswordsFromUsers (20140427232923)
  [1m[35m (0.1ms)[0m  begin transaction
  [1m[36m (1.3ms)[0m  [1mCREATE TEMPORARY TABLE "ausers" ("id" INTEGER PRIMARY KEY AUTOINCREMENT NOT NULL, "username" varchar(255) NOT NULL, "password" varchar(255) NOT NULL, "created_at" datetime, "updated_at" datetime) [0m
  [1m[35m (0.1ms)[0m  SELECT * FROM "users"
  [1m[36m (15.2ms)[0m  [1mDROP TABLE "users"[0m
  [1m[35m (0.2ms)[0m  CREATE TABLE "users" ("id" INTEGER PRIMARY KEY AUTOINCREMENT NOT NULL, "username" varchar(255) NOT NULL, "created_at" datetime, "updated_at" datetime) 
  [1m[36m (0.0ms)[0m  [1mSELECT * FROM "ausers"[0m
  [1m[35m (0.3ms)[0m  DROP TABLE "ausers"
  [1m[36m (46.4ms)[0m  [1mALTER TABLE "users" ADD "password_digest" varchar(255)[0m
  [1m[35m (0.2ms)[0m  CREATE TEMPORARY TABLE "ausers" ("id" INTEGER PRIMARY KEY AUTOINCREMENT NOT NULL, "username" varchar(255) NOT NULL, "created_at" datetime, "updated_at" datetime, "password_digest" varchar(255)) 
  [1m[36m (0.1ms)[0m  [1mSELECT * FROM "users"[0m
  [1m[35m (0.4ms)[0m  DROP TABLE "users"
  [1m[36m (0.1ms)[0m  [1mCREATE TABLE "users" ("id" INTEGER PRIMARY KEY AUTOINCREMENT NOT NULL, "username" varchar(255) NOT NULL, "created_at" datetime, "updated_at" datetime, "password_digest" varchar(255) NOT NULL) [0m
  [1m[35m (0.1ms)[0m  SELECT * FROM "ausers"
  [1m[36m (0.1ms)[0m  [1mDROP TABLE "ausers"[0m
  [1m[35mSQL (0.1ms)[0m  INSERT INTO "schema_migrations" ("version") VALUES (?)  [["version", "20140427232923"]]
  [1m[36m (2.2ms)[0m  [1mcommit transaction[0m
Migrating to AddSessionTokenToUsers (20140428004020)
  [1m[35m (0.1ms)[0m  begin transaction
  [1m[36m (0.4ms)[0m  [1mALTER TABLE "users" ADD "session_token" varchar(255)[0m
  [1m[35m (0.5ms)[0m  CREATE TEMPORARY TABLE "ausers" ("id" INTEGER PRIMARY KEY AUTOINCREMENT NOT NULL, "username" varchar(255) NOT NULL, "created_at" datetime, "updated_at" datetime, "password_digest" varchar(255) NOT NULL, "session_token" varchar(255)) 
  [1m[36m (0.1ms)[0m  [1mSELECT * FROM "users"[0m
  [1m[35m (0.4ms)[0m  DROP TABLE "users"
  [1m[36m (0.2ms)[0m  [1mCREATE TABLE "users" ("id" INTEGER PRIMARY KEY AUTOINCREMENT NOT NULL, "username" varchar(255) NOT NULL, "created_at" datetime, "updated_at" datetime, "password_digest" varchar(255) NOT NULL, "session_token" varchar(255) NOT NULL) [0m
  [1m[35m (0.1ms)[0m  SELECT * FROM "ausers"
  [1m[36m (0.1ms)[0m  [1mDROP TABLE "ausers"[0m
  [1m[35mSQL (0.2ms)[0m  INSERT INTO "schema_migrations" ("version") VALUES (?)  [["version", "20140428004020"]]
  [1m[36m (1.3ms)[0m  [1mcommit transaction[0m
Migrating to AddCounterToUsers (20140428042342)
  [1m[35m (0.1ms)[0m  begin transaction
  [1m[36m (0.5ms)[0m  [1mALTER TABLE "users" ADD "counter" integer DEFAULT 0[0m
  [1m[35mSQL (0.1ms)[0m  INSERT INTO "schema_migrations" ("version") VALUES (?)  [["version", "20140428042342"]]
  [1m[36m (1.7ms)[0m  [1mcommit transaction[0m
  [1m[35mActiveRecord::SchemaMigration Load (0.1ms)[0m  SELECT "schema_migrations".* FROM "schema_migrations"


Started GET "/" for 127.0.0.1 at 2015-07-18 14:49:19 -0700
  [1m[36mActiveRecord::SchemaMigration Load (0.1ms)[0m  [1mSELECT "schema_migrations".* FROM "schema_migrations"[0m
Processing by Rails::WelcomeController#index as HTML
  Rendered /Users/appacademy/.rbenv/versions/2.1.2/lib/ruby/gems/2.1.0/gems/railties-4.0.2/lib/rails/templates/rails/welcome/index.html.erb (1.9ms)
Completed 200 OK in 41ms (Views: 23.6ms | ActiveRecord: 0.0ms)


Started GET "/cats" for 127.0.0.1 at 2015-07-18 14:49:25 -0700

ActionController::RoutingError (No route matches [GET] "/cats"):
  actionpack (4.0.2) lib/action_dispatch/middleware/debug_exceptions.rb:21:in `call'
  actionpack (4.0.2) lib/action_dispatch/middleware/show_exceptions.rb:30:in `call'
  railties (4.0.2) lib/rails/rack/logger.rb:38:in `call_app'
  railties (4.0.2) lib/rails/rack/logger.rb:20:in `block in call'
  activesupport (4.0.2) lib/active_support/tagged_logging.rb:67:in `block in tagged'
  activesupport (4.0.2) lib/active_support/tagged_logging.rb:25:in `tagged'
  activesupport (4.0.2) lib/active_support/tagged_logging.rb:67:in `tagged'
  railties (4.0.2) lib/rails/rack/logger.rb:20:in `call'
  actionpack (4.0.2) lib/action_dispatch/middleware/request_id.rb:21:in `call'
  rack (1.5.2) lib/rack/methodoverride.rb:21:in `call'
  rack (1.5.2) lib/rack/runtime.rb:17:in `call'
  activesupport (4.0.2) lib/active_support/cache/strategy/local_cache.rb:83:in `call'
  rack (1.5.2) lib/rack/lock.rb:17:in `call'
  actionpack (4.0.2) lib/action_dispatch/middleware/static.rb:64:in `call'
  rack (1.5.2) lib/rack/sendfile.rb:112:in `call'
  railties (4.0.2) lib/rails/engine.rb:511:in `call'
  railties (4.0.2) lib/rails/application.rb:97:in `call'
  rack (1.5.2) lib/rack/lock.rb:17:in `call'
  rack (1.5.2) lib/rack/content_length.rb:14:in `call'
  rack (1.5.2) lib/rack/handler/webrick.rb:60:in `service'
  /Users/appacademy/.rbenv/versions/2.1.2/lib/ruby/2.1.0/webrick/httpserver.rb:138:in `service'
  /Users/appacademy/.rbenv/versions/2.1.2/lib/ruby/2.1.0/webrick/httpserver.rb:94:in `run'
  /Users/appacademy/.rbenv/versions/2.1.2/lib/ruby/2.1.0/webrick/server.rb:295:in `block in start_thread'


  Rendered /Users/appacademy/.rbenv/versions/2.1.2/lib/ruby/gems/2.1.0/gems/actionpack-4.0.2/lib/action_dispatch/middleware/templates/rescues/_trace.erb (2.1ms)
  Rendered /Users/appacademy/.rbenv/versions/2.1.2/lib/ruby/gems/2.1.0/gems/actionpack-4.0.2/lib/action_dispatch/middleware/templates/routes/_route.html.erb (1.5ms)
  Rendered /Users/appacademy/.rbenv/versions/2.1.2/lib/ruby/gems/2.1.0/gems/actionpack-4.0.2/lib/action_dispatch/middleware/templates/routes/_table.html.erb (22.0ms)
  Rendered /Users/appacademy/.rbenv/versions/2.1.2/lib/ruby/gems/2.1.0/gems/actionpack-4.0.2/lib/action_dispatch/middleware/templates/rescues/routing_error.erb within rescues/layout (90.2ms)


Started GET "/users/new" for 127.0.0.1 at 2015-07-18 14:49:35 -0700

ActionController::RoutingError (No route matches [GET] "/users/new"):
  actionpack (4.0.2) lib/action_dispatch/middleware/debug_exceptions.rb:21:in `call'
  actionpack (4.0.2) lib/action_dispatch/middleware/show_exceptions.rb:30:in `call'
  railties (4.0.2) lib/rails/rack/logger.rb:38:in `call_app'
  railties (4.0.2) lib/rails/rack/logger.rb:20:in `block in call'
  activesupport (4.0.2) lib/active_support/tagged_logging.rb:67:in `block in tagged'
  activesupport (4.0.2) lib/active_support/tagged_logging.rb:25:in `tagged'
  activesupport (4.0.2) lib/active_support/tagged_logging.rb:67:in `tagged'
  railties (4.0.2) lib/rails/rack/logger.rb:20:in `call'
  actionpack (4.0.2) lib/action_dispatch/middleware/request_id.rb:21:in `call'
  rack (1.5.2) lib/rack/methodoverride.rb:21:in `call'
  rack (1.5.2) lib/rack/runtime.rb:17:in `call'
  activesupport (4.0.2) lib/active_support/cache/strategy/local_cache.rb:83:in `call'
  rack (1.5.2) lib/rack/lock.rb:17:in `call'
  actionpack (4.0.2) lib/action_dispatch/middleware/static.rb:64:in `call'
  rack (1.5.2) lib/rack/sendfile.rb:112:in `call'
  railties (4.0.2) lib/rails/engine.rb:511:in `call'
  railties (4.0.2) lib/rails/application.rb:97:in `call'
  rack (1.5.2) lib/rack/lock.rb:17:in `call'
  rack (1.5.2) lib/rack/content_length.rb:14:in `call'
  rack (1.5.2) lib/rack/handler/webrick.rb:60:in `service'
  /Users/appacademy/.rbenv/versions/2.1.2/lib/ruby/2.1.0/webrick/httpserver.rb:138:in `service'
  /Users/appacademy/.rbenv/versions/2.1.2/lib/ruby/2.1.0/webrick/httpserver.rb:94:in `run'
  /Users/appacademy/.rbenv/versions/2.1.2/lib/ruby/2.1.0/webrick/server.rb:295:in `block in start_thread'


  Rendered /Users/appacademy/.rbenv/versions/2.1.2/lib/ruby/gems/2.1.0/gems/actionpack-4.0.2/lib/action_dispatch/middleware/templates/rescues/_trace.erb (5.7ms)
  Rendered /Users/appacademy/.rbenv/versions/2.1.2/lib/ruby/gems/2.1.0/gems/actionpack-4.0.2/lib/action_dispatch/middleware/templates/routes/_route.html.erb (1.3ms)
  Rendered /Users/appacademy/.rbenv/versions/2.1.2/lib/ruby/gems/2.1.0/gems/actionpack-4.0.2/lib/action_dispatch/middleware/templates/routes/_table.html.erb (1.0ms)
  Rendered /Users/appacademy/.rbenv/versions/2.1.2/lib/ruby/gems/2.1.0/gems/actionpack-4.0.2/lib/action_dispatch/middleware/templates/rescues/routing_error.erb within rescues/layout (23.7ms)


Started GET "/user" for 127.0.0.1 at 2015-07-18 14:49:41 -0700
Processing by UsersController#show as HTML
Redirected to http://localhost:3000/session/new
Completed 302 Found in 1ms (ActiveRecord: 0.0ms)


Started GET "/session/new" for 127.0.0.1 at 2015-07-18 14:49:41 -0700
Processing by SessionsController#new as HTML
  Rendered sessions/new.html.erb within layouts/application (0.6ms)
Completed 200 OK in 839ms (Views: 838.1ms | ActiveRecord: 0.0ms)


Started GET "/assets/application.css?body=1" for 127.0.0.1 at 2015-07-18 14:49:42 -0700


Started GET "/assets/jquery.js?body=1" for 127.0.0.1 at 2015-07-18 14:49:42 -0700


Started GET "/assets/jquery_ujs.js?body=1" for 127.0.0.1 at 2015-07-18 14:49:42 -0700


Started GET "/assets/turbolinks.js?body=1" for 127.0.0.1 at 2015-07-18 14:49:42 -0700


Started GET "/assets/application.js?body=1" for 127.0.0.1 at 2015-07-18 14:49:42 -0700


Started POST "/session" for 127.0.0.1 at 2015-07-18 14:49:48 -0700
Processing by SessionsController#create as HTML
  Parameters: {"authenticity_token"=>"zb+5uvv4y6hM3CucdP125WOidArtpUvdF29wFcL8av0=", "user"=>{"username"=>"erez", "password"=>"[FILTERED]"}}
  [1m[35mUser Load (0.2ms)[0m  SELECT "users".* FROM "users" WHERE "users"."username" = 'erez' LIMIT 1
  Rendered sessions/new.html.erb within layouts/application (0.2ms)
Completed 200 OK in 44ms (Views: 5.7ms | ActiveRecord: 0.5ms)


Started GET "/assets/jquery.js?body=1" for 127.0.0.1 at 2015-07-18 14:49:48 -0700


Started GET "/user/new" for 127.0.0.1 at 2015-07-18 14:49:57 -0700
Processing by UsersController#new as HTML
  Rendered users/new.html.erb within layouts/application (8.0ms)
Completed 200 OK in 34ms (Views: 32.6ms | ActiveRecord: 0.2ms)


Started GET "/assets/jquery.js?body=1" for 127.0.0.1 at 2015-07-18 14:49:57 -0700


Started GET "/assets/jquery_ujs.js?body=1" for 127.0.0.1 at 2015-07-18 14:49:57 -0700


Started GET "/assets/application.js?body=1" for 127.0.0.1 at 2015-07-18 14:49:57 -0700


Started GET "/assets/turbolinks.js?body=1" for 127.0.0.1 at 2015-07-18 14:49:57 -0700


Started POST "/user" for 127.0.0.1 at 2015-07-18 14:50:01 -0700
Processing by UsersController#create as HTML
  Parameters: {"authenticity_token"=>"zb+5uvv4y6hM3CucdP125WOidArtpUvdF29wFcL8av0=", "user"=>{"username"=>"erez", "password"=>"[FILTERED]"}}
  [1m[36m (0.1ms)[0m  [1mbegin transaction[0m
  [1m[35m (0.1ms)[0m  rollback transaction
  Rendered users/new.html.erb within layouts/application (0.4ms)
Completed 200 OK in 163ms (Views: 3.9ms | ActiveRecord: 0.2ms)


Started GET "/assets/jquery.js?body=1" for 127.0.0.1 at 2015-07-18 14:50:01 -0700


Started GET "/assets/jquery_ujs.js?body=1" for 127.0.0.1 at 2015-07-18 14:50:01 -0700


Started GET "/assets/application.js?body=1" for 127.0.0.1 at 2015-07-18 14:50:01 -0700


Started GET "/assets/turbolinks.js?body=1" for 127.0.0.1 at 2015-07-18 14:50:01 -0700


Started POST "/user" for 127.0.0.1 at 2015-07-18 14:50:06 -0700
Processing by UsersController#create as HTML
  Parameters: {"authenticity_token"=>"zb+5uvv4y6hM3CucdP125WOidArtpUvdF29wFcL8av0=", "user"=>{"username"=>"erez", "password"=>"[FILTERED]"}}
  [1m[36m (0.1ms)[0m  [1mbegin transaction[0m
Binary data inserted for `string` type on column `password_digest`
  [1m[35mSQL (13.5ms)[0m  INSERT INTO "users" ("created_at", "password_digest", "session_token", "updated_at", "username") VALUES (?, ?, ?, ?, ?)  [["created_at", Sat, 18 Jul 2015 21:50:07 UTC +00:00], ["password_digest", "$2a$10$U0ul/kcugKNbCKyj8sG2LeDjYqOnZl/jVV4y1SJBdr4HSPbH1av4e"], ["session_token", "eWFN6Vv3ch5OL2GXu-ZM0w"], ["updated_at", Sat, 18 Jul 2015 21:50:07 UTC +00:00], ["username", "erez"]]
  [1m[36m (1.1ms)[0m  [1mcommit transaction[0m
  [1m[35m (0.1ms)[0m  begin transaction
  [1m[36mSQL (0.4ms)[0m  [1mUPDATE "users" SET "session_token" = ?, "updated_at" = ? WHERE "users"."id" = 1[0m  [["session_token", "ieamGtW_rEnlBsH0Q1a3pQ"], ["updated_at", Sat, 18 Jul 2015 21:50:07 UTC +00:00]]
  [1m[35m (0.9ms)[0m  commit transaction
Redirected to http://localhost:3000/user
Completed 302 Found in 99ms (ActiveRecord: 16.0ms)


Started GET "/user" for 127.0.0.1 at 2015-07-18 14:50:07 -0700
Processing by UsersController#show as HTML
  [1m[36mUser Load (0.2ms)[0m  [1mSELECT "users".* FROM "users" WHERE "users"."session_token" = 'ieamGtW_rEnlBsH0Q1a3pQ' LIMIT 1[0m
  Rendered users/show.html.erb within layouts/application (1.0ms)
Completed 200 OK in 36ms (Views: 34.8ms | ActiveRecord: 0.2ms)


Started GET "/assets/jquery.js?body=1" for 127.0.0.1 at 2015-07-18 14:50:07 -0700


Started GET "/assets/application.js?body=1" for 127.0.0.1 at 2015-07-18 14:50:07 -0700


Started GET "/assets/jquery_ujs.js?body=1" for 127.0.0.1 at 2015-07-18 14:50:07 -0700


Started GET "/assets/turbolinks.js?body=1" for 127.0.0.1 at 2015-07-18 14:50:07 -0700


Started PUT "/user/counter" for 127.0.0.1 at 2015-07-18 14:50:11 -0700
Processing by CountersController#update as HTML
  Parameters: {"authenticity_token"=>"zb+5uvv4y6hM3CucdP125WOidArtpUvdF29wFcL8av0=", "user"=>{"counter"=>"555"}}
  [1m[35mUser Load (0.4ms)[0m  SELECT "users".* FROM "users" WHERE "users"."session_token" = 'ieamGtW_rEnlBsH0Q1a3pQ' LIMIT 1
  [1m[36m (0.1ms)[0m  [1mbegin transaction[0m
  [1m[35mSQL (0.5ms)[0m  UPDATE "users" SET "counter" = ?, "updated_at" = ? WHERE "users"."id" = 1  [["counter", 555], ["updated_at", Sat, 18 Jul 2015 21:50:11 UTC +00:00]]
  [1m[36m (1.0ms)[0m  [1mcommit transaction[0m
Redirected to http://localhost:3000/user
Completed 302 Found in 37ms (ActiveRecord: 2.0ms)


Started GET "/user" for 127.0.0.1 at 2015-07-18 14:50:11 -0700
Processing by UsersController#show as HTML
  [1m[35mUser Load (0.2ms)[0m  SELECT "users".* FROM "users" WHERE "users"."session_token" = 'ieamGtW_rEnlBsH0Q1a3pQ' LIMIT 1
  Rendered users/show.html.erb within layouts/application (0.1ms)
Completed 200 OK in 5ms (Views: 3.6ms | ActiveRecord: 0.2ms)


Started GET "/assets/application.css?body=1" for 127.0.0.1 at 2015-07-18 14:50:11 -0700


Started GET "/assets/jquery.js?body=1" for 127.0.0.1 at 2015-07-18 14:50:11 -0700


Started GET "/assets/application.js?body=1" for 127.0.0.1 at 2015-07-18 14:50:11 -0700


Started GET "/assets/jquery_ujs.js?body=1" for 127.0.0.1 at 2015-07-18 14:50:11 -0700


Started GET "/assets/turbolinks.js?body=1" for 127.0.0.1 at 2015-07-18 14:50:11 -0700


Started GET "/user" for 127.0.0.1 at 2015-07-18 14:56:01 -0700
  [1m[36mActiveRecord::SchemaMigration Load (0.4ms)[0m  [1mSELECT "schema_migrations".* FROM "schema_migrations"[0m
Processing by UsersController#show as HTML
  [1m[35mUser Load (0.4ms)[0m  SELECT "users".* FROM "users" WHERE "users"."session_token" = 'ieamGtW_rEnlBsH0Q1a3pQ' LIMIT 1
  Rendered users/show.html.erb within layouts/application (2.0ms)
Completed 200 OK in 2339ms (Views: 2317.3ms | ActiveRecord: 0.8ms)


Started GET "/assets/bootstrap.js?body=1" for 127.0.0.1 at 2015-07-18 14:56:03 -0700


Started GET "/assets/application.css?body=1" for 127.0.0.1 at 2015-07-18 14:56:03 -0700


Started GET "/assets/jquery.js?body=1" for 127.0.0.1 at 2015-07-18 14:56:03 -0700


Started GET "/assets/turbolinks.js?body=1" for 127.0.0.1 at 2015-07-18 14:56:03 -0700


Started GET "/assets/application.js?body=1" for 127.0.0.1 at 2015-07-18 14:56:03 -0700


Started GET "/assets/jquery_ujs.js?body=1" for 127.0.0.1 at 2015-07-18 14:56:03 -0700


Started GET "/user" for 127.0.0.1 at 2015-07-18 15:05:04 -0700
Processing by UsersController#show as HTML
  [1m[36mUser Load (0.2ms)[0m  [1mSELECT "users".* FROM "users" WHERE "users"."session_token" = 'ieamGtW_rEnlBsH0Q1a3pQ' LIMIT 1[0m
  Rendered users/show.html.erb within layouts/application (0.2ms)
Completed 500 Internal Server Error in 31ms

NameError - undefined local variable or method `current_user' for #<#<Class:0x007f8051e562e8>:0x007f8051c9d140>:
  app/views/layouts/application.html.erb:11:in `_app_views_layouts_application_html_erb___2190585578896776242_70094552277140'
  actionpack (4.0.2) lib/action_view/template.rb:143:in `block in render'
  activesupport (4.0.2) lib/active_support/notifications.rb:161:in `instrument'
  actionpack (4.0.2) lib/action_view/template.rb:141:in `render'
  actionpack (4.0.2) lib/action_view/renderer/template_renderer.rb:61:in `render_with_layout'
  actionpack (4.0.2) lib/action_view/renderer/template_renderer.rb:47:in `render_template'
  actionpack (4.0.2) lib/action_view/renderer/template_renderer.rb:17:in `render'
  actionpack (4.0.2) lib/action_view/renderer/renderer.rb:42:in `render_template'
  actionpack (4.0.2) lib/action_view/renderer/renderer.rb:23:in `render'
  actionpack (4.0.2) lib/abstract_controller/rendering.rb:127:in `_render_template'
  actionpack (4.0.2) lib/action_controller/metal/streaming.rb:219:in `_render_template'
  actionpack (4.0.2) lib/abstract_controller/rendering.rb:120:in `render_to_body'
  actionpack (4.0.2) lib/action_controller/metal/rendering.rb:33:in `render_to_body'
  actionpack (4.0.2) lib/action_controller/metal/renderers.rb:26:in `render_to_body'
  actionpack (4.0.2) lib/abstract_controller/rendering.rb:97:in `render'
  actionpack (4.0.2) lib/action_controller/metal/rendering.rb:16:in `render'
  actionpack (4.0.2) lib/action_controller/metal/instrumentation.rb:41:in `block (2 levels) in render'
  activesupport (4.0.2) lib/active_support/core_ext/benchmark.rb:12:in `block in ms'
  /Users/appacademy/.rbenv/versions/2.1.2/lib/ruby/2.1.0/benchmark.rb:294:in `realtime'
  activesupport (4.0.2) lib/active_support/core_ext/benchmark.rb:12:in `ms'
  actionpack (4.0.2) lib/action_controller/metal/instrumentation.rb:41:in `block in render'
  actionpack (4.0.2) lib/action_controller/metal/instrumentation.rb:84:in `cleanup_view_runtime'
  activerecord (4.0.2) lib/active_record/railties/controller_runtime.rb:25:in `cleanup_view_runtime'
  actionpack (4.0.2) lib/action_controller/metal/instrumentation.rb:40:in `render'
  app/controllers/users_controller.rb:30:in `show'
  actionpack (4.0.2) lib/action_controller/metal/implicit_render.rb:4:in `send_action'
  actionpack (4.0.2) lib/abstract_controller/base.rb:189:in `process_action'
  actionpack (4.0.2) lib/action_controller/metal/rendering.rb:10:in `process_action'
  actionpack (4.0.2) lib/abstract_controller/callbacks.rb:18:in `block in process_action'
  activesupport (4.0.2) lib/active_support/callbacks.rb:403:in `_run__3735324780535393656__process_action__callbacks'
  activesupport (4.0.2) lib/active_support/callbacks.rb:80:in `run_callbacks'
  actionpack (4.0.2) lib/abstract_controller/callbacks.rb:17:in `process_action'
  actionpack (4.0.2) lib/action_controller/metal/rescue.rb:29:in `process_action'
  actionpack (4.0.2) lib/action_controller/metal/instrumentation.rb:31:in `block in process_action'
  activesupport (4.0.2) lib/active_support/notifications.rb:159:in `block in instrument'
  activesupport (4.0.2) lib/active_support/notifications/instrumenter.rb:20:in `instrument'
  activesupport (4.0.2) lib/active_support/notifications.rb:159:in `instrument'
  actionpack (4.0.2) lib/action_controller/metal/instrumentation.rb:30:in `process_action'
  actionpack (4.0.2) lib/action_controller/metal/params_wrapper.rb:245:in `process_action'
  activerecord (4.0.2) lib/active_record/railties/controller_runtime.rb:18:in `process_action'
  actionpack (4.0.2) lib/abstract_controller/base.rb:136:in `process'
  actionpack (4.0.2) lib/abstract_controller/rendering.rb:44:in `process'
  actionpack (4.0.2) lib/action_controller/metal.rb:195:in `dispatch'
  actionpack (4.0.2) lib/action_controller/metal/rack_delegation.rb:13:in `dispatch'
  actionpack (4.0.2) lib/action_controller/metal.rb:231:in `block in action'
  actionpack (4.0.2) lib/action_dispatch/routing/route_set.rb:80:in `dispatch'
  actionpack (4.0.2) lib/action_dispatch/routing/route_set.rb:48:in `call'
  actionpack (4.0.2) lib/action_dispatch/journey/router.rb:71:in `block in call'
  actionpack (4.0.2) lib/action_dispatch/journey/router.rb:59:in `call'
  actionpack (4.0.2) lib/action_dispatch/routing/route_set.rb:680:in `call'
  rack (1.5.2) lib/rack/etag.rb:23:in `call'
  rack (1.5.2) lib/rack/conditionalget.rb:25:in `call'
  rack (1.5.2) lib/rack/head.rb:11:in `call'
  actionpack (4.0.2) lib/action_dispatch/middleware/params_parser.rb:27:in `call'
  actionpack (4.0.2) lib/action_dispatch/middleware/flash.rb:241:in `call'
  rack (1.5.2) lib/rack/session/abstract/id.rb:225:in `context'
  rack (1.5.2) lib/rack/session/abstract/id.rb:220:in `call'
  actionpack (4.0.2) lib/action_dispatch/middleware/cookies.rb:486:in `call'
  activerecord (4.0.2) lib/active_record/query_cache.rb:36:in `call'
  activerecord (4.0.2) lib/active_record/connection_adapters/abstract/connection_pool.rb:626:in `call'
  activerecord (4.0.2) lib/active_record/migration.rb:369:in `call'
  actionpack (4.0.2) lib/action_dispatch/middleware/callbacks.rb:29:in `block in call'
  activesupport (4.0.2) lib/active_support/callbacks.rb:373:in `_run__3282861808033918078__call__callbacks'
  activesupport (4.0.2) lib/active_support/callbacks.rb:80:in `run_callbacks'
  actionpack (4.0.2) lib/action_dispatch/middleware/callbacks.rb:27:in `call'
  actionpack (4.0.2) lib/action_dispatch/middleware/reloader.rb:64:in `call'
  actionpack (4.0.2) lib/action_dispatch/middleware/remote_ip.rb:76:in `call'
  better_errors (1.0.1) lib/better_errors/middleware.rb:84:in `protected_app_call'
  better_errors (1.0.1) lib/better_errors/middleware.rb:79:in `better_errors_call'
  better_errors (1.0.1) lib/better_errors/middleware.rb:56:in `call'
  actionpack (4.0.2) lib/action_dispatch/middleware/debug_exceptions.rb:17:in `call'
  actionpack (4.0.2) lib/action_dispatch/middleware/show_exceptions.rb:30:in `call'
  railties (4.0.2) lib/rails/rack/logger.rb:38:in `call_app'
  railties (4.0.2) lib/rails/rack/logger.rb:20:in `block in call'
  activesupport (4.0.2) lib/active_support/tagged_logging.rb:67:in `block in tagged'
  activesupport (4.0.2) lib/active_support/tagged_logging.rb:25:in `tagged'
  activesupport (4.0.2) lib/active_support/tagged_logging.rb:67:in `tagged'
  railties (4.0.2) lib/rails/rack/logger.rb:20:in `call'
  actionpack (4.0.2) lib/action_dispatch/middleware/request_id.rb:21:in `call'
  rack (1.5.2) lib/rack/methodoverride.rb:21:in `call'
  rack (1.5.2) lib/rack/runtime.rb:17:in `call'
  activesupport (4.0.2) lib/active_support/cache/strategy/local_cache.rb:83:in `call'
  rack (1.5.2) lib/rack/lock.rb:17:in `call'
  actionpack (4.0.2) lib/action_dispatch/middleware/static.rb:64:in `call'
  rack (1.5.2) lib/rack/sendfile.rb:112:in `call'
  railties (4.0.2) lib/rails/engine.rb:511:in `call'
  railties (4.0.2) lib/rails/application.rb:97:in `call'
  rack (1.5.2) lib/rack/lock.rb:17:in `call'
  rack (1.5.2) lib/rack/content_length.rb:14:in `call'
  rack (1.5.2) lib/rack/handler/webrick.rb:60:in `service'
  /Users/appacademy/.rbenv/versions/2.1.2/lib/ruby/2.1.0/webrick/httpserver.rb:138:in `service'
  /Users/appacademy/.rbenv/versions/2.1.2/lib/ruby/2.1.0/webrick/httpserver.rb:94:in `run'
  /Users/appacademy/.rbenv/versions/2.1.2/lib/ruby/2.1.0/webrick/server.rb:295:in `block in start_thread'



Started POST "/__better_errors/70094550213540/variables" for 127.0.0.1 at 2015-07-18 15:05:04 -0700


Started GET "/user" for 127.0.0.1 at 2015-07-18 15:05:20 -0700
Processing by UsersController#show as HTML
  [1m[35mUser Load (5.1ms)[0m  SELECT "users".* FROM "users" WHERE "users"."session_token" = 'ieamGtW_rEnlBsH0Q1a3pQ' LIMIT 1
  Rendered users/show.html.erb within layouts/application (0.2ms)
Completed 200 OK in 23ms (Views: 6.6ms | ActiveRecord: 5.7ms)


Started GET "/assets/application.css?body=1" for 127.0.0.1 at 2015-07-18 15:05:20 -0700


Started GET "/assets/jquery.js?body=1" for 127.0.0.1 at 2015-07-18 15:05:20 -0700


Started GET "/assets/application.js?body=1" for 127.0.0.1 at 2015-07-18 15:05:20 -0700


Started GET "/assets/jquery_ujs.js?body=1" for 127.0.0.1 at 2015-07-18 15:05:20 -0700


Started GET "/assets/turbolinks.js?body=1" for 127.0.0.1 at 2015-07-18 15:05:20 -0700


Started GET "/assets/bootstrap.js?body=1" for 127.0.0.1 at 2015-07-18 15:05:20 -0700


Started GET "/session" for 127.0.0.1 at 2015-07-18 15:05:25 -0700

ActionController::RoutingError (No route matches [GET] "/session"):
  actionpack (4.0.2) lib/action_dispatch/middleware/debug_exceptions.rb:21:in `call'
  actionpack (4.0.2) lib/action_dispatch/middleware/show_exceptions.rb:30:in `call'
  railties (4.0.2) lib/rails/rack/logger.rb:38:in `call_app'
  railties (4.0.2) lib/rails/rack/logger.rb:20:in `block in call'
  activesupport (4.0.2) lib/active_support/tagged_logging.rb:67:in `block in tagged'
  activesupport (4.0.2) lib/active_support/tagged_logging.rb:25:in `tagged'
  activesupport (4.0.2) lib/active_support/tagged_logging.rb:67:in `tagged'
  railties (4.0.2) lib/rails/rack/logger.rb:20:in `call'
  actionpack (4.0.2) lib/action_dispatch/middleware/request_id.rb:21:in `call'
  rack (1.5.2) lib/rack/methodoverride.rb:21:in `call'
  rack (1.5.2) lib/rack/runtime.rb:17:in `call'
  activesupport (4.0.2) lib/active_support/cache/strategy/local_cache.rb:83:in `call'
  rack (1.5.2) lib/rack/lock.rb:17:in `call'
  actionpack (4.0.2) lib/action_dispatch/middleware/static.rb:64:in `call'
  rack (1.5.2) lib/rack/sendfile.rb:112:in `call'
  railties (4.0.2) lib/rails/engine.rb:511:in `call'
  railties (4.0.2) lib/rails/application.rb:97:in `call'
  rack (1.5.2) lib/rack/lock.rb:17:in `call'
  rack (1.5.2) lib/rack/content_length.rb:14:in `call'
  rack (1.5.2) lib/rack/handler/webrick.rb:60:in `service'
  /Users/appacademy/.rbenv/versions/2.1.2/lib/ruby/2.1.0/webrick/httpserver.rb:138:in `service'
  /Users/appacademy/.rbenv/versions/2.1.2/lib/ruby/2.1.0/webrick/httpserver.rb:94:in `run'
  /Users/appacademy/.rbenv/versions/2.1.2/lib/ruby/2.1.0/webrick/server.rb:295:in `block in start_thread'


  Rendered /Users/appacademy/.rbenv/versions/2.1.2/lib/ruby/gems/2.1.0/gems/actionpack-4.0.2/lib/action_dispatch/middleware/templates/rescues/_trace.erb (1.4ms)
  Rendered /Users/appacademy/.rbenv/versions/2.1.2/lib/ruby/gems/2.1.0/gems/actionpack-4.0.2/lib/action_dispatch/middleware/templates/routes/_route.html.erb (1.3ms)
  Rendered /Users/appacademy/.rbenv/versions/2.1.2/lib/ruby/gems/2.1.0/gems/actionpack-4.0.2/lib/action_dispatch/middleware/templates/routes/_table.html.erb (29.2ms)
  Rendered /Users/appacademy/.rbenv/versions/2.1.2/lib/ruby/gems/2.1.0/gems/actionpack-4.0.2/lib/action_dispatch/middleware/templates/rescues/routing_error.erb within rescues/layout (61.0ms)


Started GET "/session" for 127.0.0.1 at 2015-07-18 15:05:25 -0700

ActionController::RoutingError (No route matches [GET] "/session"):
  actionpack (4.0.2) lib/action_dispatch/middleware/debug_exceptions.rb:21:in `call'
  actionpack (4.0.2) lib/action_dispatch/middleware/show_exceptions.rb:30:in `call'
  railties (4.0.2) lib/rails/rack/logger.rb:38:in `call_app'
  railties (4.0.2) lib/rails/rack/logger.rb:20:in `block in call'
  activesupport (4.0.2) lib/active_support/tagged_logging.rb:67:in `block in tagged'
  activesupport (4.0.2) lib/active_support/tagged_logging.rb:25:in `tagged'
  activesupport (4.0.2) lib/active_support/tagged_logging.rb:67:in `tagged'
  railties (4.0.2) lib/rails/rack/logger.rb:20:in `call'
  actionpack (4.0.2) lib/action_dispatch/middleware/request_id.rb:21:in `call'
  rack (1.5.2) lib/rack/methodoverride.rb:21:in `call'
  rack (1.5.2) lib/rack/runtime.rb:17:in `call'
  activesupport (4.0.2) lib/active_support/cache/strategy/local_cache.rb:83:in `call'
  rack (1.5.2) lib/rack/lock.rb:17:in `call'
  actionpack (4.0.2) lib/action_dispatch/middleware/static.rb:64:in `call'
  rack (1.5.2) lib/rack/sendfile.rb:112:in `call'
  railties (4.0.2) lib/rails/engine.rb:511:in `call'
  railties (4.0.2) lib/rails/application.rb:97:in `call'
  rack (1.5.2) lib/rack/lock.rb:17:in `call'
  rack (1.5.2) lib/rack/content_length.rb:14:in `call'
  rack (1.5.2) lib/rack/handler/webrick.rb:60:in `service'
  /Users/appacademy/.rbenv/versions/2.1.2/lib/ruby/2.1.0/webrick/httpserver.rb:138:in `service'
  /Users/appacademy/.rbenv/versions/2.1.2/lib/ruby/2.1.0/webrick/httpserver.rb:94:in `run'
  /Users/appacademy/.rbenv/versions/2.1.2/lib/ruby/2.1.0/webrick/server.rb:295:in `block in start_thread'


  Rendered /Users/appacademy/.rbenv/versions/2.1.2/lib/ruby/gems/2.1.0/gems/actionpack-4.0.2/lib/action_dispatch/middleware/templates/rescues/_trace.erb (1.6ms)
  Rendered /Users/appacademy/.rbenv/versions/2.1.2/lib/ruby/gems/2.1.0/gems/actionpack-4.0.2/lib/action_dispatch/middleware/templates/routes/_route.html.erb (1.4ms)
  Rendered /Users/appacademy/.rbenv/versions/2.1.2/lib/ruby/gems/2.1.0/gems/actionpack-4.0.2/lib/action_dispatch/middleware/templates/routes/_table.html.erb (1.2ms)
  Rendered /Users/appacademy/.rbenv/versions/2.1.2/lib/ruby/gems/2.1.0/gems/actionpack-4.0.2/lib/action_dispatch/middleware/templates/rescues/routing_error.erb within rescues/layout (27.6ms)


Started PUT "/user/counter" for 127.0.0.1 at 2015-07-18 15:06:48 -0700
Processing by CountersController#update as HTML
  Parameters: {"authenticity_token"=>"zb+5uvv4y6hM3CucdP125WOidArtpUvdF29wFcL8av0=", "user"=>{"counter"=>"333"}}
  [1m[36mUser Load (0.2ms)[0m  [1mSELECT "users".* FROM "users" WHERE "users"."session_token" = 'ieamGtW_rEnlBsH0Q1a3pQ' LIMIT 1[0m
  [1m[35m (0.1ms)[0m  begin transaction
  [1m[36mSQL (39.5ms)[0m  [1mUPDATE "users" SET "counter" = ?, "updated_at" = ? WHERE "users"."id" = 1[0m  [["counter", 333], ["updated_at", Sat, 18 Jul 2015 22:06:48 UTC +00:00]]
  [1m[35m (1.2ms)[0m  commit transaction
Redirected to http://localhost:3000/user
Completed 302 Found in 60ms (ActiveRecord: 41.0ms)


Started GET "/user" for 127.0.0.1 at 2015-07-18 15:06:48 -0700
Processing by UsersController#show as HTML
  [1m[36mUser Load (0.2ms)[0m  [1mSELECT "users".* FROM "users" WHERE "users"."session_token" = 'ieamGtW_rEnlBsH0Q1a3pQ' LIMIT 1[0m
  Rendered users/show.html.erb within layouts/application (0.1ms)
Completed 200 OK in 7ms (Views: 5.2ms | ActiveRecord: 0.2ms)


Started GET "/assets/application.css?body=1" for 127.0.0.1 at 2015-07-18 15:06:48 -0700


Started GET "/assets/application.js?body=1" for 127.0.0.1 at 2015-07-18 15:06:48 -0700


Started GET "/assets/jquery_ujs.js?body=1" for 127.0.0.1 at 2015-07-18 15:06:48 -0700


Started GET "/assets/bootstrap.js?body=1" for 127.0.0.1 at 2015-07-18 15:06:48 -0700


Started GET "/assets/jquery.js?body=1" for 127.0.0.1 at 2015-07-18 15:06:48 -0700


Started GET "/assets/turbolinks.js?body=1" for 127.0.0.1 at 2015-07-18 15:06:48 -0700


Started DELETE "/session" for 127.0.0.1 at 2015-07-18 15:06:54 -0700
Processing by SessionsController#destroy as HTML
  Parameters: {"authenticity_token"=>"zb+5uvv4y6hM3CucdP125WOidArtpUvdF29wFcL8av0="}
Redirected to http://localhost:3000/session/new
Completed 302 Found in 1ms (ActiveRecord: 0.0ms)


Started GET "/session/new" for 127.0.0.1 at 2015-07-18 15:06:54 -0700
Processing by SessionsController#new as HTML
  Rendered sessions/new.html.erb within layouts/application (0.5ms)
Completed 200 OK in 7ms (Views: 6.4ms | ActiveRecord: 0.0ms)


Started GET "/assets/application.css?body=1" for 127.0.0.1 at 2015-07-18 15:06:54 -0700


Started GET "/assets/turbolinks.js?body=1" for 127.0.0.1 at 2015-07-18 15:06:54 -0700


Started GET "/assets/jquery.js?body=1" for 127.0.0.1 at 2015-07-18 15:06:54 -0700


Started GET "/assets/jquery_ujs.js?body=1" for 127.0.0.1 at 2015-07-18 15:06:54 -0700


Started GET "/assets/application.js?body=1" for 127.0.0.1 at 2015-07-18 15:06:54 -0700


Started GET "/assets/bootstrap.js?body=1" for 127.0.0.1 at 2015-07-18 15:06:54 -0700


Started POST "/session" for 127.0.0.1 at 2015-07-18 15:12:43 -0700
Processing by SessionsController#create as HTML
  Parameters: {"authenticity_token"=>"zb+5uvv4y6hM3CucdP125WOidArtpUvdF29wFcL8av0=", "user"=>{"username"=>"erez", "password"=>"[FILTERED]"}}
  [1m[35mUser Load (0.2ms)[0m  SELECT "users".* FROM "users" WHERE "users"."username" = 'erez' LIMIT 1
  [1m[36m (0.1ms)[0m  [1mbegin transaction[0m
  [1m[35mSQL (0.4ms)[0m  UPDATE "users" SET "session_token" = ?, "updated_at" = ? WHERE "users"."id" = 1  [["session_token", "HNKHhx_myl2PynNudlJMhw"], ["updated_at", Sat, 18 Jul 2015 22:12:43 UTC +00:00]]
  [1m[36m (1.0ms)[0m  [1mcommit transaction[0m
Redirected to http://localhost:3000/user
Completed 302 Found in 77ms (ActiveRecord: 1.8ms)


Started GET "/user" for 127.0.0.1 at 2015-07-18 15:12:43 -0700
Processing by UsersController#show as HTML
  [1m[35mUser Load (0.2ms)[0m  SELECT "users".* FROM "users" WHERE "users"."session_token" = 'HNKHhx_myl2PynNudlJMhw' LIMIT 1
  Rendered users/show.html.erb within layouts/application (0.2ms)
Completed 500 Internal Server Error in 38ms

NameError - undefined local variable or method `root_url' for #<#<Class:0x007f80550afdc0>:0x007f8057187ac0>:
  app/views/layouts/application.html.erb:11:in `_app_views_layouts_application_html_erb___2190585578896776242_70094596863940'
  actionpack (4.0.2) lib/action_view/template.rb:143:in `block in render'
  activesupport (4.0.2) lib/active_support/notifications.rb:161:in `instrument'
  actionpack (4.0.2) lib/action_view/template.rb:141:in `render'
  actionpack (4.0.2) lib/action_view/renderer/template_renderer.rb:61:in `render_with_layout'
  actionpack (4.0.2) lib/action_view/renderer/template_renderer.rb:47:in `render_template'
  actionpack (4.0.2) lib/action_view/renderer/template_renderer.rb:17:in `render'
  actionpack (4.0.2) lib/action_view/renderer/renderer.rb:42:in `render_template'
  actionpack (4.0.2) lib/action_view/renderer/renderer.rb:23:in `render'
  actionpack (4.0.2) lib/abstract_controller/rendering.rb:127:in `_render_template'
  actionpack (4.0.2) lib/action_controller/metal/streaming.rb:219:in `_render_template'
  actionpack (4.0.2) lib/abstract_controller/rendering.rb:120:in `render_to_body'
  actionpack (4.0.2) lib/action_controller/metal/rendering.rb:33:in `render_to_body'
  actionpack (4.0.2) lib/action_controller/metal/renderers.rb:26:in `render_to_body'
  actionpack (4.0.2) lib/abstract_controller/rendering.rb:97:in `render'
  actionpack (4.0.2) lib/action_controller/metal/rendering.rb:16:in `render'
  actionpack (4.0.2) lib/action_controller/metal/instrumentation.rb:41:in `block (2 levels) in render'
  activesupport (4.0.2) lib/active_support/core_ext/benchmark.rb:12:in `block in ms'
  /Users/appacademy/.rbenv/versions/2.1.2/lib/ruby/2.1.0/benchmark.rb:294:in `realtime'
  activesupport (4.0.2) lib/active_support/core_ext/benchmark.rb:12:in `ms'
  actionpack (4.0.2) lib/action_controller/metal/instrumentation.rb:41:in `block in render'
  actionpack (4.0.2) lib/action_controller/metal/instrumentation.rb:84:in `cleanup_view_runtime'
  activerecord (4.0.2) lib/active_record/railties/controller_runtime.rb:25:in `cleanup_view_runtime'
  actionpack (4.0.2) lib/action_controller/metal/instrumentation.rb:40:in `render'
  app/controllers/users_controller.rb:30:in `show'
  actionpack (4.0.2) lib/action_controller/metal/implicit_render.rb:4:in `send_action'
  actionpack (4.0.2) lib/abstract_controller/base.rb:189:in `process_action'
  actionpack (4.0.2) lib/action_controller/metal/rendering.rb:10:in `process_action'
  actionpack (4.0.2) lib/abstract_controller/callbacks.rb:18:in `block in process_action'
  activesupport (4.0.2) lib/active_support/callbacks.rb:403:in `_run__3735324780535393656__process_action__callbacks'
  activesupport (4.0.2) lib/active_support/callbacks.rb:80:in `run_callbacks'
  actionpack (4.0.2) lib/abstract_controller/callbacks.rb:17:in `process_action'
  actionpack (4.0.2) lib/action_controller/metal/rescue.rb:29:in `process_action'
  actionpack (4.0.2) lib/action_controller/metal/instrumentation.rb:31:in `block in process_action'
  activesupport (4.0.2) lib/active_support/notifications.rb:159:in `block in instrument'
  activesupport (4.0.2) lib/active_support/notifications/instrumenter.rb:20:in `instrument'
  activesupport (4.0.2) lib/active_support/notifications.rb:159:in `instrument'
  actionpack (4.0.2) lib/action_controller/metal/instrumentation.rb:30:in `process_action'
  actionpack (4.0.2) lib/action_controller/metal/params_wrapper.rb:245:in `process_action'
  activerecord (4.0.2) lib/active_record/railties/controller_runtime.rb:18:in `process_action'
  actionpack (4.0.2) lib/abstract_controller/base.rb:136:in `process'
  actionpack (4.0.2) lib/abstract_controller/rendering.rb:44:in `process'
  actionpack (4.0.2) lib/action_controller/metal.rb:195:in `dispatch'
  actionpack (4.0.2) lib/action_controller/metal/rack_delegation.rb:13:in `dispatch'
  actionpack (4.0.2) lib/action_controller/metal.rb:231:in `block in action'
  actionpack (4.0.2) lib/action_dispatch/routing/route_set.rb:80:in `dispatch'
  actionpack (4.0.2) lib/action_dispatch/routing/route_set.rb:48:in `call'
  actionpack (4.0.2) lib/action_dispatch/journey/router.rb:71:in `block in call'
  actionpack (4.0.2) lib/action_dispatch/journey/router.rb:59:in `call'
  actionpack (4.0.2) lib/action_dispatch/routing/route_set.rb:680:in `call'
  rack (1.5.2) lib/rack/etag.rb:23:in `call'
  rack (1.5.2) lib/rack/conditionalget.rb:25:in `call'
  rack (1.5.2) lib/rack/head.rb:11:in `call'
  actionpack (4.0.2) lib/action_dispatch/middleware/params_parser.rb:27:in `call'
  actionpack (4.0.2) lib/action_dispatch/middleware/flash.rb:241:in `call'
  rack (1.5.2) lib/rack/session/abstract/id.rb:225:in `context'
  rack (1.5.2) lib/rack/session/abstract/id.rb:220:in `call'
  actionpack (4.0.2) lib/action_dispatch/middleware/cookies.rb:486:in `call'
  activerecord (4.0.2) lib/active_record/query_cache.rb:36:in `call'
  activerecord (4.0.2) lib/active_record/connection_adapters/abstract/connection_pool.rb:626:in `call'
  activerecord (4.0.2) lib/active_record/migration.rb:369:in `call'
  actionpack (4.0.2) lib/action_dispatch/middleware/callbacks.rb:29:in `block in call'
  activesupport (4.0.2) lib/active_support/callbacks.rb:373:in `_run__3282861808033918078__call__callbacks'
  activesupport (4.0.2) lib/active_support/callbacks.rb:80:in `run_callbacks'
  actionpack (4.0.2) lib/action_dispatch/middleware/callbacks.rb:27:in `call'
  actionpack (4.0.2) lib/action_dispatch/middleware/reloader.rb:64:in `call'
  actionpack (4.0.2) lib/action_dispatch/middleware/remote_ip.rb:76:in `call'
  better_errors (1.0.1) lib/better_errors/middleware.rb:84:in `protected_app_call'
  better_errors (1.0.1) lib/better_errors/middleware.rb:79:in `better_errors_call'
  better_errors (1.0.1) lib/better_errors/middleware.rb:56:in `call'
  actionpack (4.0.2) lib/action_dispatch/middleware/debug_exceptions.rb:17:in `call'
  actionpack (4.0.2) lib/action_dispatch/middleware/show_exceptions.rb:30:in `call'
  railties (4.0.2) lib/rails/rack/logger.rb:38:in `call_app'
  railties (4.0.2) lib/rails/rack/logger.rb:20:in `block in call'
  activesupport (4.0.2) lib/active_support/tagged_logging.rb:67:in `block in tagged'
  activesupport (4.0.2) lib/active_support/tagged_logging.rb:25:in `tagged'
  activesupport (4.0.2) lib/active_support/tagged_logging.rb:67:in `tagged'
  railties (4.0.2) lib/rails/rack/logger.rb:20:in `call'
  actionpack (4.0.2) lib/action_dispatch/middleware/request_id.rb:21:in `call'
  rack (1.5.2) lib/rack/methodoverride.rb:21:in `call'
  rack (1.5.2) lib/rack/runtime.rb:17:in `call'
  activesupport (4.0.2) lib/active_support/cache/strategy/local_cache.rb:83:in `call'
  rack (1.5.2) lib/rack/lock.rb:17:in `call'
  actionpack (4.0.2) lib/action_dispatch/middleware/static.rb:64:in `call'
  rack (1.5.2) lib/rack/sendfile.rb:112:in `call'
  railties (4.0.2) lib/rails/engine.rb:511:in `call'
  railties (4.0.2) lib/rails/application.rb:97:in `call'
  rack (1.5.2) lib/rack/lock.rb:17:in `call'
  rack (1.5.2) lib/rack/content_length.rb:14:in `call'
  rack (1.5.2) lib/rack/handler/webrick.rb:60:in `service'
  /Users/appacademy/.rbenv/versions/2.1.2/lib/ruby/2.1.0/webrick/httpserver.rb:138:in `service'
  /Users/appacademy/.rbenv/versions/2.1.2/lib/ruby/2.1.0/webrick/httpserver.rb:94:in `run'
  /Users/appacademy/.rbenv/versions/2.1.2/lib/ruby/2.1.0/webrick/server.rb:295:in `block in start_thread'



Started POST "/__better_errors/70094596532060/variables" for 127.0.0.1 at 2015-07-18 15:12:44 -0700


Started GET "/user" for 127.0.0.1 at 2015-07-18 15:12:57 -0700
Processing by UsersController#show as HTML
  [1m[36mUser Load (0.2ms)[0m  [1mSELECT "users".* FROM "users" WHERE "users"."session_token" = 'HNKHhx_myl2PynNudlJMhw' LIMIT 1[0m
  Rendered users/show.html.erb within layouts/application (0.1ms)
Completed 200 OK in 9ms (Views: 7.8ms | ActiveRecord: 0.2ms)


Started GET "/assets/application.css?body=1" for 127.0.0.1 at 2015-07-18 15:12:57 -0700


Started GET "/assets/jquery.js?body=1" for 127.0.0.1 at 2015-07-18 15:12:57 -0700


Started GET "/assets/turbolinks.js?body=1" for 127.0.0.1 at 2015-07-18 15:12:57 -0700


Started GET "/assets/application.js?body=1" for 127.0.0.1 at 2015-07-18 15:12:57 -0700


Started GET "/assets/jquery_ujs.js?body=1" for 127.0.0.1 at 2015-07-18 15:12:57 -0700


Started GET "/assets/bootstrap.js?body=1" for 127.0.0.1 at 2015-07-18 15:12:57 -0700


Started GET "/user" for 127.0.0.1 at 2015-07-18 15:13:12 -0700
Processing by UsersController#show as HTML
  [1m[35mUser Load (0.3ms)[0m  SELECT "users".* FROM "users" WHERE "users"."session_token" = 'HNKHhx_myl2PynNudlJMhw' LIMIT 1
  Rendered users/show.html.erb within layouts/application (0.1ms)
Completed 200 OK in 8ms (Views: 5.9ms | ActiveRecord: 0.3ms)


Started GET "/assets/application.css?body=1" for 127.0.0.1 at 2015-07-18 15:13:12 -0700


Started GET "/assets/jquery.js?body=1" for 127.0.0.1 at 2015-07-18 15:13:12 -0700


Started GET "/assets/turbolinks.js?body=1" for 127.0.0.1 at 2015-07-18 15:13:12 -0700


Started GET "/assets/bootstrap.js?body=1" for 127.0.0.1 at 2015-07-18 15:13:12 -0700


Started GET "/assets/application.js?body=1" for 127.0.0.1 at 2015-07-18 15:13:12 -0700


Started GET "/assets/jquery_ujs.js?body=1" for 127.0.0.1 at 2015-07-18 15:13:12 -0700


Started GET "/user" for 127.0.0.1 at 2015-07-18 15:13:58 -0700
Processing by UsersController#show as HTML
  [1m[36mUser Load (0.2ms)[0m  [1mSELECT "users".* FROM "users" WHERE "users"."session_token" = 'HNKHhx_myl2PynNudlJMhw' LIMIT 1[0m
  Rendered users/show.html.erb within layouts/application (0.1ms)
Completed 200 OK in 9ms (Views: 7.5ms | ActiveRecord: 0.2ms)


Started GET "/assets/application.css?body=1" for 127.0.0.1 at 2015-07-18 15:13:58 -0700


Started GET "/assets/bootstrap.js?body=1" for 127.0.0.1 at 2015-07-18 15:13:58 -0700


Started GET "/assets/jquery.js?body=1" for 127.0.0.1 at 2015-07-18 15:13:58 -0700


Started GET "/assets/jquery_ujs.js?body=1" for 127.0.0.1 at 2015-07-18 15:13:58 -0700


Started GET "/assets/turbolinks.js?body=1" for 127.0.0.1 at 2015-07-18 15:13:58 -0700


Started GET "/assets/application.js?body=1" for 127.0.0.1 at 2015-07-18 15:13:58 -0700


Started GET "/user.1" for 127.0.0.1 at 2015-07-18 15:14:19 -0700
Processing by UsersController#show as 
  [1m[35mUser Load (0.2ms)[0m  SELECT "users".* FROM "users" WHERE "users"."session_token" = 'HNKHhx_myl2PynNudlJMhw' LIMIT 1
  Rendered users/show.html.erb within layouts/application (0.6ms)
Completed 200 OK in 11ms (Views: 9.3ms | ActiveRecord: 0.2ms)


Started GET "/user/1" for 127.0.0.1 at 2015-07-18 15:14:44 -0700

ActionController::RoutingError (No route matches [GET] "/user/1"):
  actionpack (4.0.2) lib/action_dispatch/middleware/debug_exceptions.rb:21:in `call'
  actionpack (4.0.2) lib/action_dispatch/middleware/show_exceptions.rb:30:in `call'
  railties (4.0.2) lib/rails/rack/logger.rb:38:in `call_app'
  railties (4.0.2) lib/rails/rack/logger.rb:20:in `block in call'
  activesupport (4.0.2) lib/active_support/tagged_logging.rb:67:in `block in tagged'
  activesupport (4.0.2) lib/active_support/tagged_logging.rb:25:in `tagged'
  activesupport (4.0.2) lib/active_support/tagged_logging.rb:67:in `tagged'
  railties (4.0.2) lib/rails/rack/logger.rb:20:in `call'
  actionpack (4.0.2) lib/action_dispatch/middleware/request_id.rb:21:in `call'
  rack (1.5.2) lib/rack/methodoverride.rb:21:in `call'
  rack (1.5.2) lib/rack/runtime.rb:17:in `call'
  activesupport (4.0.2) lib/active_support/cache/strategy/local_cache.rb:83:in `call'
  rack (1.5.2) lib/rack/lock.rb:17:in `call'
  actionpack (4.0.2) lib/action_dispatch/middleware/static.rb:64:in `call'
  rack (1.5.2) lib/rack/sendfile.rb:112:in `call'
  railties (4.0.2) lib/rails/engine.rb:511:in `call'
  railties (4.0.2) lib/rails/application.rb:97:in `call'
  rack (1.5.2) lib/rack/lock.rb:17:in `call'
  rack (1.5.2) lib/rack/content_length.rb:14:in `call'
  rack (1.5.2) lib/rack/handler/webrick.rb:60:in `service'
  /Users/appacademy/.rbenv/versions/2.1.2/lib/ruby/2.1.0/webrick/httpserver.rb:138:in `service'
  /Users/appacademy/.rbenv/versions/2.1.2/lib/ruby/2.1.0/webrick/httpserver.rb:94:in `run'
  /Users/appacademy/.rbenv/versions/2.1.2/lib/ruby/2.1.0/webrick/server.rb:295:in `block in start_thread'


  Rendered /Users/appacademy/.rbenv/versions/2.1.2/lib/ruby/gems/2.1.0/gems/actionpack-4.0.2/lib/action_dispatch/middleware/templates/rescues/_trace.erb (2.5ms)
  Rendered /Users/appacademy/.rbenv/versions/2.1.2/lib/ruby/gems/2.1.0/gems/actionpack-4.0.2/lib/action_dispatch/middleware/templates/routes/_route.html.erb (1.3ms)
  Rendered /Users/appacademy/.rbenv/versions/2.1.2/lib/ruby/gems/2.1.0/gems/actionpack-4.0.2/lib/action_dispatch/middleware/templates/routes/_table.html.erb (1.5ms)
  Rendered /Users/appacademy/.rbenv/versions/2.1.2/lib/ruby/gems/2.1.0/gems/actionpack-4.0.2/lib/action_dispatch/middleware/templates/rescues/routing_error.erb within rescues/layout (32.1ms)


Started GET "/user.1" for 127.0.0.1 at 2015-07-18 15:14:55 -0700
Processing by UsersController#show as 
  [1m[36mUser Load (0.2ms)[0m  [1mSELECT "users".* FROM "users" WHERE "users"."session_token" = 'HNKHhx_myl2PynNudlJMhw' LIMIT 1[0m
  Rendered users/show.html.erb within layouts/application (0.2ms)
Completed 200 OK in 11ms (Views: 8.8ms | ActiveRecord: 0.2ms)


Started GET "/assets/application.css?body=1" for 127.0.0.1 at 2015-07-18 15:14:55 -0700


Started GET "/assets/jquery_ujs.js?body=1" for 127.0.0.1 at 2015-07-18 15:14:55 -0700


Started GET "/assets/application.js?body=1" for 127.0.0.1 at 2015-07-18 15:14:55 -0700


Started GET "/assets/jquery.js?body=1" for 127.0.0.1 at 2015-07-18 15:14:55 -0700


Started GET "/assets/bootstrap.js?body=1" for 127.0.0.1 at 2015-07-18 15:14:55 -0700


Started GET "/assets/turbolinks.js?body=1" for 127.0.0.1 at 2015-07-18 15:14:55 -0700


Started GET "/user" for 127.0.0.1 at 2015-07-18 15:14:57 -0700
Processing by UsersController#show as HTML
  [1m[35mUser Load (0.3ms)[0m  SELECT "users".* FROM "users" WHERE "users"."session_token" = 'HNKHhx_myl2PynNudlJMhw' LIMIT 1
  Rendered users/show.html.erb within layouts/application (0.8ms)
Completed 200 OK in 10ms (Views: 8.0ms | ActiveRecord: 0.3ms)


Started GET "/user" for 127.0.0.1 at 2015-07-18 15:14:58 -0700
Processing by UsersController#show as HTML
  [1m[36mUser Load (0.2ms)[0m  [1mSELECT "users".* FROM "users" WHERE "users"."session_token" = 'HNKHhx_myl2PynNudlJMhw' LIMIT 1[0m
  Rendered users/show.html.erb within layouts/application (0.1ms)
Completed 200 OK in 6ms (Views: 5.0ms | ActiveRecord: 0.2ms)


Started GET "/user" for 127.0.0.1 at 2015-07-18 15:14:58 -0700
Processing by UsersController#show as HTML
  [1m[35mUser Load (0.2ms)[0m  SELECT "users".* FROM "users" WHERE "users"."session_token" = 'HNKHhx_myl2PynNudlJMhw' LIMIT 1
  Rendered users/show.html.erb within layouts/application (0.1ms)
Completed 200 OK in 6ms (Views: 4.9ms | ActiveRecord: 0.2ms)


Started GET "/user" for 127.0.0.1 at 2015-07-18 15:14:59 -0700
Processing by UsersController#show as HTML
  [1m[36mUser Load (0.3ms)[0m  [1mSELECT "users".* FROM "users" WHERE "users"."session_token" = 'HNKHhx_myl2PynNudlJMhw' LIMIT 1[0m
  Rendered users/show.html.erb within layouts/application (0.2ms)
Completed 200 OK in 8ms (Views: 6.0ms | ActiveRecord: 0.3ms)


Started GET "/user" for 127.0.0.1 at 2015-07-18 15:17:58 -0700
Processing by UsersController#show as HTML
  [1m[35mUser Load (0.2ms)[0m  SELECT "users".* FROM "users" WHERE "users"."session_token" = 'HNKHhx_myl2PynNudlJMhw' LIMIT 1
  Rendered users/show.html.erb within layouts/application (0.2ms)
Completed 200 OK in 23ms (Views: 21.2ms | ActiveRecord: 0.2ms)


Started GET "/assets/application.css?body=1" for 127.0.0.1 at 2015-07-18 15:17:58 -0700


Started GET "/assets/jquery.js?body=1" for 127.0.0.1 at 2015-07-18 15:17:58 -0700


Started GET "/assets/jquery_ujs.js?body=1" for 127.0.0.1 at 2015-07-18 15:17:58 -0700


Started GET "/assets/bootstrap.js?body=1" for 127.0.0.1 at 2015-07-18 15:17:58 -0700


Started GET "/assets/turbolinks.js?body=1" for 127.0.0.1 at 2015-07-18 15:17:58 -0700


Started GET "/assets/application.js?body=1" for 127.0.0.1 at 2015-07-18 15:17:58 -0700


Started GET "/user" for 127.0.0.1 at 2015-07-18 15:19:13 -0700
Processing by UsersController#show as HTML
  [1m[36mUser Load (0.2ms)[0m  [1mSELECT "users".* FROM "users" WHERE "users"."session_token" = 'HNKHhx_myl2PynNudlJMhw' LIMIT 1[0m
  Rendered users/show.html.erb within layouts/application (0.1ms)
Completed 200 OK in 7ms (Views: 5.5ms | ActiveRecord: 0.2ms)


Started GET "/assets/jquery_ujs.js?body=1" for 127.0.0.1 at 2015-07-18 15:19:13 -0700


Started GET "/assets/bootstrap.js?body=1" for 127.0.0.1 at 2015-07-18 15:19:13 -0700


Started GET "/assets/turbolinks.js?body=1" for 127.0.0.1 at 2015-07-18 15:19:13 -0700


Started GET "/assets/jquery.js?body=1" for 127.0.0.1 at 2015-07-18 15:19:13 -0700


Started GET "/assets/application.css?body=1" for 127.0.0.1 at 2015-07-18 15:19:13 -0700


Started GET "/assets/application.js?body=1" for 127.0.0.1 at 2015-07-18 15:19:13 -0700


Started GET "/user" for 127.0.0.1 at 2015-07-18 15:19:55 -0700
Processing by UsersController#show as HTML
  [1m[35mUser Load (0.2ms)[0m  SELECT "users".* FROM "users" WHERE "users"."session_token" = 'HNKHhx_myl2PynNudlJMhw' LIMIT 1
  Rendered users/show.html.erb within layouts/application (0.2ms)
Completed 200 OK in 9ms (Views: 7.2ms | ActiveRecord: 0.2ms)


Started GET "/assets/application.css?body=1" for 127.0.0.1 at 2015-07-18 15:19:55 -0700


Started GET "/assets/jquery.js?body=1" for 127.0.0.1 at 2015-07-18 15:19:55 -0700


Started GET "/assets/bootstrap.js?body=1" for 127.0.0.1 at 2015-07-18 15:19:55 -0700


Started GET "/assets/application.js?body=1" for 127.0.0.1 at 2015-07-18 15:19:55 -0700


Started GET "/assets/jquery_ujs.js?body=1" for 127.0.0.1 at 2015-07-18 15:19:55 -0700


Started GET "/assets/turbolinks.js?body=1" for 127.0.0.1 at 2015-07-18 15:19:55 -0700


Started GET "/user" for 127.0.0.1 at 2015-07-18 15:20:22 -0700
Processing by UsersController#show as HTML
  [1m[36mUser Load (0.3ms)[0m  [1mSELECT "users".* FROM "users" WHERE "users"."session_token" = 'HNKHhx_myl2PynNudlJMhw' LIMIT 1[0m
  Rendered users/show.html.erb within layouts/application (0.1ms)
Completed 200 OK in 8ms (Views: 6.6ms | ActiveRecord: 0.3ms)


Started GET "/assets/jquery.js?body=1" for 127.0.0.1 at 2015-07-18 15:20:22 -0700


Started GET "/assets/application.js?body=1" for 127.0.0.1 at 2015-07-18 15:20:22 -0700


Started GET "/assets/application.css?body=1" for 127.0.0.1 at 2015-07-18 15:20:22 -0700


Started GET "/assets/bootstrap.js?body=1" for 127.0.0.1 at 2015-07-18 15:20:22 -0700


Started GET "/assets/jquery_ujs.js?body=1" for 127.0.0.1 at 2015-07-18 15:20:22 -0700


Started GET "/assets/turbolinks.js?body=1" for 127.0.0.1 at 2015-07-18 15:20:22 -0700


Started GET "/user" for 127.0.0.1 at 2015-07-18 15:21:49 -0700
Processing by UsersController#show as HTML
  [1m[35mUser Load (0.2ms)[0m  SELECT "users".* FROM "users" WHERE "users"."session_token" = 'HNKHhx_myl2PynNudlJMhw' LIMIT 1
  Rendered users/show.html.erb within layouts/application (0.1ms)
Completed 200 OK in 7ms (Views: 5.5ms | ActiveRecord: 0.2ms)


Started GET "/assets/application.css?body=1" for 127.0.0.1 at 2015-07-18 15:21:49 -0700


Started GET "/assets/jquery.js?body=1" for 127.0.0.1 at 2015-07-18 15:21:49 -0700


Started GET "/assets/jquery_ujs.js?body=1" for 127.0.0.1 at 2015-07-18 15:21:49 -0700


Started GET "/assets/turbolinks.js?body=1" for 127.0.0.1 at 2015-07-18 15:21:49 -0700


Started GET "/assets/bootstrap.js?body=1" for 127.0.0.1 at 2015-07-18 15:21:49 -0700


Started GET "/assets/application.js?body=1" for 127.0.0.1 at 2015-07-18 15:21:49 -0700


Started GET "/user" for 127.0.0.1 at 2015-07-18 15:21:54 -0700
Processing by UsersController#show as HTML
  [1m[36mUser Load (0.2ms)[0m  [1mSELECT "users".* FROM "users" WHERE "users"."session_token" = 'HNKHhx_myl2PynNudlJMhw' LIMIT 1[0m
  Rendered users/show.html.erb within layouts/application (0.1ms)
Completed 200 OK in 7ms (Views: 5.3ms | ActiveRecord: 0.2ms)


Started GET "/user" for 127.0.0.1 at 2015-07-18 15:27:03 -0700
Processing by UsersController#show as HTML
  [1m[35mUser Load (0.2ms)[0m  SELECT "users".* FROM "users" WHERE "users"."session_token" = 'HNKHhx_myl2PynNudlJMhw' LIMIT 1
  Rendered users/show.html.erb within layouts/application (0.1ms)
Completed 200 OK in 8ms (Views: 6.3ms | ActiveRecord: 0.2ms)


Started GET "/assets/application.css?body=1" for 127.0.0.1 at 2015-07-18 15:27:03 -0700


Started GET "/assets/jquery.js?body=1" for 127.0.0.1 at 2015-07-18 15:27:03 -0700


Started GET "/assets/turbolinks.js?body=1" for 127.0.0.1 at 2015-07-18 15:27:03 -0700


Started GET "/assets/bootstrap.js?body=1" for 127.0.0.1 at 2015-07-18 15:27:03 -0700


Started GET "/assets/jquery_ujs.js?body=1" for 127.0.0.1 at 2015-07-18 15:27:03 -0700


Started GET "/assets/application.js?body=1" for 127.0.0.1 at 2015-07-18 15:27:03 -0700


Started GET "/user" for 127.0.0.1 at 2015-07-18 15:27:30 -0700
Processing by UsersController#show as HTML
  [1m[36mUser Load (0.2ms)[0m  [1mSELECT "users".* FROM "users" WHERE "users"."session_token" = 'HNKHhx_myl2PynNudlJMhw' LIMIT 1[0m
  Rendered users/show.html.erb within layouts/application (0.1ms)
Completed 200 OK in 9ms (Views: 7.3ms | ActiveRecord: 0.2ms)


Started GET "/assets/application.css?body=1" for 127.0.0.1 at 2015-07-18 15:27:30 -0700


Started GET "/assets/jquery.js?body=1" for 127.0.0.1 at 2015-07-18 15:27:30 -0700


Started GET "/assets/jquery_ujs.js?body=1" for 127.0.0.1 at 2015-07-18 15:27:30 -0700


Started GET "/assets/application.js?body=1" for 127.0.0.1 at 2015-07-18 15:27:30 -0700


Started GET "/assets/turbolinks.js?body=1" for 127.0.0.1 at 2015-07-18 15:27:30 -0700


Started GET "/assets/bootstrap.js?body=1" for 127.0.0.1 at 2015-07-18 15:27:30 -0700


Started GET "/user" for 127.0.0.1 at 2015-07-18 15:27:52 -0700
Processing by UsersController#show as HTML
  [1m[35mUser Load (0.2ms)[0m  SELECT "users".* FROM "users" WHERE "users"."session_token" = 'HNKHhx_myl2PynNudlJMhw' LIMIT 1
  Rendered users/show.html.erb within layouts/application (0.2ms)
Completed 200 OK in 13ms (Views: 12.2ms | ActiveRecord: 0.2ms)


Started GET "/assets/application.css?body=1" for 127.0.0.1 at 2015-07-18 15:27:52 -0700


Started GET "/assets/turbolinks.js?body=1" for 127.0.0.1 at 2015-07-18 15:27:52 -0700


Started GET "/assets/jquery_ujs.js?body=1" for 127.0.0.1 at 2015-07-18 15:27:52 -0700


Started GET "/assets/jquery.js?body=1" for 127.0.0.1 at 2015-07-18 15:27:52 -0700


Started GET "/assets/bootstrap.js?body=1" for 127.0.0.1 at 2015-07-18 15:27:52 -0700


Started GET "/assets/application.js?body=1" for 127.0.0.1 at 2015-07-18 15:27:52 -0700


Started GET "/user" for 127.0.0.1 at 2015-07-18 15:28:44 -0700
Processing by UsersController#show as HTML
  [1m[36mUser Load (18.6ms)[0m  [1mSELECT "users".* FROM "users" WHERE "users"."session_token" = 'HNKHhx_myl2PynNudlJMhw' LIMIT 1[0m
  Rendered users/show.html.erb within layouts/application (0.2ms)
Completed 200 OK in 33ms (Views: 12.2ms | ActiveRecord: 18.6ms)


Started GET "/assets/application.css?body=1" for 127.0.0.1 at 2015-07-18 15:28:45 -0700


Started GET "/assets/turbolinks.js?body=1" for 127.0.0.1 at 2015-07-18 15:28:45 -0700


Started GET "/assets/jquery.js?body=1" for 127.0.0.1 at 2015-07-18 15:28:45 -0700


Started GET "/assets/application.js?body=1" for 127.0.0.1 at 2015-07-18 15:28:45 -0700


Started GET "/assets/bootstrap.js?body=1" for 127.0.0.1 at 2015-07-18 15:28:45 -0700


Started GET "/assets/jquery_ujs.js?body=1" for 127.0.0.1 at 2015-07-18 15:28:45 -0700


Started DELETE "/session" for 127.0.0.1 at 2015-07-18 15:44:07 -0700
Processing by SessionsController#destroy as HTML
  Parameters: {"authenticity_token"=>"zb+5uvv4y6hM3CucdP125WOidArtpUvdF29wFcL8av0="}
Redirected to http://localhost:3000/session/new
Completed 302 Found in 1ms (ActiveRecord: 0.0ms)


Started GET "/session/new" for 127.0.0.1 at 2015-07-18 15:44:07 -0700
Processing by SessionsController#new as HTML
  Rendered sessions/new.html.erb within layouts/application (0.4ms)
Completed 200 OK in 34ms (Views: 31.6ms | ActiveRecord: 0.0ms)


Started GET "/assets/application.css?body=1" for 127.0.0.1 at 2015-07-18 15:44:08 -0700


Started GET "/assets/jquery.js?body=1" for 127.0.0.1 at 2015-07-18 15:44:08 -0700


Started GET "/assets/bootstrap.js?body=1" for 127.0.0.1 at 2015-07-18 15:44:08 -0700


Started GET "/assets/application.js?body=1" for 127.0.0.1 at 2015-07-18 15:44:08 -0700


Started GET "/assets/jquery_ujs.js?body=1" for 127.0.0.1 at 2015-07-18 15:44:08 -0700


Started GET "/assets/turbolinks.js?body=1" for 127.0.0.1 at 2015-07-18 15:44:08 -0700


Started GET "/session/new" for 127.0.0.1 at 2015-07-18 15:44:10 -0700
Processing by SessionsController#new as HTML
  Rendered sessions/new.html.erb within layouts/application (0.1ms)
Completed 200 OK in 6ms (Views: 5.0ms | ActiveRecord: 0.0ms)


Started GET "/assets/jquery.js?body=1" for 127.0.0.1 at 2015-07-18 15:44:10 -0700


Started GET "/assets/jquery_ujs.js?body=1" for 127.0.0.1 at 2015-07-18 15:44:10 -0700


Started GET "/assets/application.css?body=1" for 127.0.0.1 at 2015-07-18 15:44:10 -0700


Started GET "/assets/bootstrap.js?body=1" for 127.0.0.1 at 2015-07-18 15:44:10 -0700


Started GET "/assets/application.js?body=1" for 127.0.0.1 at 2015-07-18 15:44:10 -0700


Started GET "/assets/turbolinks.js?body=1" for 127.0.0.1 at 2015-07-18 15:44:10 -0700


Started GET "/user" for 127.0.0.1 at 2015-07-18 15:44:13 -0700
Processing by UsersController#show as HTML
Redirected to http://localhost:3000/session/new
Completed 302 Found in 1ms (ActiveRecord: 0.0ms)


Started GET "/session/new" for 127.0.0.1 at 2015-07-18 15:44:13 -0700
Processing by SessionsController#new as HTML
  Rendered sessions/new.html.erb within layouts/application (0.5ms)
Completed 200 OK in 7ms (Views: 6.3ms | ActiveRecord: 0.0ms)


Started GET "/session/new" for 127.0.0.1 at 2015-07-18 15:44:18 -0700
Processing by SessionsController#new as HTML
  Rendered sessions/new.html.erb within layouts/application (0.1ms)
Completed 200 OK in 6ms (Views: 5.7ms | ActiveRecord: 0.0ms)


Started GET "/assets/application.css?body=1" for 127.0.0.1 at 2015-07-18 15:44:18 -0700


Started GET "/assets/bootstrap.js?body=1" for 127.0.0.1 at 2015-07-18 15:44:18 -0700


Started GET "/assets/jquery_ujs.js?body=1" for 127.0.0.1 at 2015-07-18 15:44:18 -0700


Started GET "/assets/turbolinks.js?body=1" for 127.0.0.1 at 2015-07-18 15:44:18 -0700


Started GET "/assets/jquery.js?body=1" for 127.0.0.1 at 2015-07-18 15:44:18 -0700


Started GET "/assets/application.js?body=1" for 127.0.0.1 at 2015-07-18 15:44:18 -0700


Started GET "/session/new" for 127.0.0.1 at 2015-07-18 15:46:37 -0700
Processing by SessionsController#new as HTML
  Rendered sessions/new.html.erb within layouts/application (0.5ms)
Completed 200 OK in 6ms (Views: 5.5ms | ActiveRecord: 0.0ms)


Started GET "/assets/application.css?body=1" for 127.0.0.1 at 2015-07-18 15:46:37 -0700


Started GET "/assets/jquery_ujs.js?body=1" for 127.0.0.1 at 2015-07-18 15:46:37 -0700


Started GET "/assets/turbolinks.js?body=1" for 127.0.0.1 at 2015-07-18 15:46:37 -0700


Started GET "/assets/jquery.js?body=1" for 127.0.0.1 at 2015-07-18 15:46:37 -0700


Started GET "/assets/bootstrap.js?body=1" for 127.0.0.1 at 2015-07-18 15:46:37 -0700


Started GET "/assets/application.js?body=1" for 127.0.0.1 at 2015-07-18 15:46:37 -0700


Started GET "/session/new" for 127.0.0.1 at 2015-07-18 15:48:31 -0700
Processing by SessionsController#new as HTML
  Rendered sessions/new.html.erb within layouts/application (0.1ms)
Completed 200 OK in 5ms (Views: 4.9ms | ActiveRecord: 0.0ms)


Started GET "/assets/application.css?body=1" for 127.0.0.1 at 2015-07-18 15:48:31 -0700


Started GET "/assets/jquery.js?body=1" for 127.0.0.1 at 2015-07-18 15:48:31 -0700


Started GET "/assets/application.js?body=1" for 127.0.0.1 at 2015-07-18 15:48:31 -0700


Started GET "/assets/turbolinks.js?body=1" for 127.0.0.1 at 2015-07-18 15:48:31 -0700


Started GET "/assets/bootstrap.js?body=1" for 127.0.0.1 at 2015-07-18 15:48:31 -0700


Started GET "/assets/jquery_ujs.js?body=1" for 127.0.0.1 at 2015-07-18 15:48:31 -0700


Started GET "/session/new" for 127.0.0.1 at 2015-07-18 15:54:42 -0700
Processing by SessionsController#new as HTML
  Rendered sessions/new.html.erb within layouts/application (1.0ms)
Completed 200 OK in 21ms (Views: 20.3ms | ActiveRecord: 0.0ms)


Started GET "/assets/jquery_ujs.js?body=1" for 127.0.0.1 at 2015-07-18 15:54:42 -0700


Started GET "/assets/jquery.js?body=1" for 127.0.0.1 at 2015-07-18 15:54:42 -0700


Started GET "/assets/application.css?body=1" for 127.0.0.1 at 2015-07-18 15:54:42 -0700


Started GET "/assets/bootstrap.js?body=1" for 127.0.0.1 at 2015-07-18 15:54:42 -0700


Started GET "/assets/application.js?body=1" for 127.0.0.1 at 2015-07-18 15:54:42 -0700


Started GET "/assets/turbolinks.js?body=1" for 127.0.0.1 at 2015-07-18 15:54:42 -0700


Started GET "/session/new" for 127.0.0.1 at 2015-07-18 15:54:57 -0700
Processing by SessionsController#new as HTML
  Rendered sessions/new.html.erb within layouts/application (0.6ms)
Completed 200 OK in 8ms (Views: 6.9ms | ActiveRecord: 0.0ms)


Started GET "/assets/application.css?body=1" for 127.0.0.1 at 2015-07-18 15:54:57 -0700


Started GET "/assets/turbolinks.js?body=1" for 127.0.0.1 at 2015-07-18 15:54:57 -0700


Started GET "/assets/jquery.js?body=1" for 127.0.0.1 at 2015-07-18 15:54:57 -0700


Started GET "/assets/application.js?body=1" for 127.0.0.1 at 2015-07-18 15:54:57 -0700


Started GET "/assets/bootstrap.js?body=1" for 127.0.0.1 at 2015-07-18 15:54:57 -0700


Started GET "/assets/jquery_ujs.js?body=1" for 127.0.0.1 at 2015-07-18 15:54:57 -0700


Started GET "/session/new" for 127.0.0.1 at 2015-07-18 15:55:13 -0700
Processing by SessionsController#new as HTML
  Rendered sessions/new.html.erb within layouts/application (0.7ms)
Completed 200 OK in 7ms (Views: 6.3ms | ActiveRecord: 0.0ms)


Started GET "/assets/jquery.js?body=1" for 127.0.0.1 at 2015-07-18 15:55:13 -0700


Started GET "/assets/application.css?body=1" for 127.0.0.1 at 2015-07-18 15:55:13 -0700


Started GET "/assets/jquery_ujs.js?body=1" for 127.0.0.1 at 2015-07-18 15:55:13 -0700


Started GET "/assets/turbolinks.js?body=1" for 127.0.0.1 at 2015-07-18 15:55:13 -0700


Started GET "/assets/application.js?body=1" for 127.0.0.1 at 2015-07-18 15:55:13 -0700


Started GET "/assets/bootstrap.js?body=1" for 127.0.0.1 at 2015-07-18 15:55:13 -0700


Started GET "/user/new" for 127.0.0.1 at 2015-07-18 15:59:52 -0700
Processing by UsersController#new as HTML
  Rendered users/new.html.erb within layouts/application (1.1ms)
Completed 200 OK in 38ms (Views: 37.1ms | ActiveRecord: 0.0ms)


Started GET "/session/new" for 127.0.0.1 at 2015-07-18 15:59:53 -0700
Processing by SessionsController#new as HTML
  Rendered sessions/new.html.erb within layouts/application (0.5ms)
Completed 200 OK in 7ms (Views: 6.6ms | ActiveRecord: 0.0ms)


Started GET "/user/new" for 127.0.0.1 at 2015-07-18 15:59:54 -0700
Processing by UsersController#new as HTML
  Rendered users/new.html.erb within layouts/application (0.6ms)
Completed 200 OK in 8ms (Views: 7.4ms | ActiveRecord: 0.0ms)


Started GET "/session/new" for 127.0.0.1 at 2015-07-18 15:59:55 -0700
Processing by SessionsController#new as HTML
  Rendered sessions/new.html.erb within layouts/application (0.1ms)
Completed 200 OK in 8ms (Views: 7.1ms | ActiveRecord: 0.0ms)


Started GET "/user/new" for 127.0.0.1 at 2015-07-18 15:59:56 -0700
Processing by UsersController#new as HTML
  Rendered users/new.html.erb within layouts/application (0.1ms)
Completed 200 OK in 8ms (Views: 6.5ms | ActiveRecord: 0.0ms)


Started GET "/user/new" for 127.0.0.1 at 2015-07-18 16:00:17 -0700
Processing by UsersController#new as HTML
  Rendered users/new.html.erb within layouts/application (1.0ms)
Completed 200 OK in 31ms (Views: 30.7ms | ActiveRecord: 0.0ms)


Started GET "/assets/application.css?body=1" for 127.0.0.1 at 2015-07-18 16:00:17 -0700


Started GET "/assets/jquery.js?body=1" for 127.0.0.1 at 2015-07-18 16:00:17 -0700


Started GET "/assets/application.js?body=1" for 127.0.0.1 at 2015-07-18 16:00:17 -0700


Started GET "/assets/bootstrap.js?body=1" for 127.0.0.1 at 2015-07-18 16:00:17 -0700


Started GET "/assets/turbolinks.js?body=1" for 127.0.0.1 at 2015-07-18 16:00:17 -0700


Started GET "/assets/jquery_ujs.js?body=1" for 127.0.0.1 at 2015-07-18 16:00:17 -0700


Started GET "/session/new" for 127.0.0.1 at 2015-07-18 16:00:20 -0700
Processing by SessionsController#new as HTML
  Rendered sessions/new.html.erb within layouts/application (0.2ms)
Completed 200 OK in 23ms (Views: 22.4ms | ActiveRecord: 0.0ms)


Started GET "/user/new" for 127.0.0.1 at 2015-07-18 16:00:20 -0700
Processing by UsersController#new as HTML
  Rendered users/new.html.erb within layouts/application (1.0ms)
Completed 200 OK in 9ms (Views: 8.1ms | ActiveRecord: 0.0ms)


Started GET "/session/new" for 127.0.0.1 at 2015-07-18 16:00:21 -0700
Processing by SessionsController#new as HTML
  Rendered sessions/new.html.erb within layouts/application (0.2ms)
Completed 200 OK in 8ms (Views: 7.7ms | ActiveRecord: 0.0ms)


Started GET "/user/new" for 127.0.0.1 at 2015-07-18 16:00:21 -0700
Processing by UsersController#new as HTML
  Rendered users/new.html.erb within layouts/application (0.2ms)
Completed 200 OK in 8ms (Views: 7.4ms | ActiveRecord: 0.0ms)


Started GET "/session/new" for 127.0.0.1 at 2015-07-18 16:00:22 -0700
Processing by SessionsController#new as HTML
  Rendered sessions/new.html.erb within layouts/application (0.1ms)
Completed 200 OK in 8ms (Views: 6.8ms | ActiveRecord: 0.0ms)


Started GET "/session/new" for 127.0.0.1 at 2015-07-18 16:03:27 -0700
Processing by SessionsController#new as HTML
  Rendered sessions/new.html.erb within layouts/application (0.1ms)
Completed 200 OK in 6ms (Views: 5.4ms | ActiveRecord: 0.0ms)


Started GET "/assets/application.css?body=1" for 127.0.0.1 at 2015-07-18 16:03:27 -0700


Started GET "/assets/turbolinks.js?body=1" for 127.0.0.1 at 2015-07-18 16:03:27 -0700


Started GET "/assets/jquery.js?body=1" for 127.0.0.1 at 2015-07-18 16:03:27 -0700


Started GET "/assets/application.js?body=1" for 127.0.0.1 at 2015-07-18 16:03:27 -0700


Started GET "/assets/jquery_ujs.js?body=1" for 127.0.0.1 at 2015-07-18 16:03:27 -0700


Started GET "/assets/bootstrap.js?body=1" for 127.0.0.1 at 2015-07-18 16:03:27 -0700


Started GET "/user/new" for 127.0.0.1 at 2015-07-18 16:03:36 -0700
Processing by UsersController#new as HTML
  Rendered users/new.html.erb within layouts/application (0.2ms)
Completed 200 OK in 8ms (Views: 7.3ms | ActiveRecord: 0.0ms)


Started GET "/session/new" for 127.0.0.1 at 2015-07-18 16:03:37 -0700
Processing by SessionsController#new as HTML
  Rendered sessions/new.html.erb within layouts/application (0.1ms)
Completed 200 OK in 8ms (Views: 6.9ms | ActiveRecord: 0.0ms)


Started GET "/user" for 127.0.0.1 at 2015-07-18 16:03:38 -0700
Processing by UsersController#show as HTML
Redirected to http://localhost:3000/session/new
Completed 302 Found in 1ms (ActiveRecord: 0.0ms)


Started GET "/session/new" for 127.0.0.1 at 2015-07-18 16:03:38 -0700
Processing by SessionsController#new as HTML
  Rendered sessions/new.html.erb within layouts/application (0.1ms)
Completed 200 OK in 5ms (Views: 4.7ms | ActiveRecord: 0.0ms)


Started GET "/session/new" for 127.0.0.1 at 2015-07-18 16:08:46 -0700
Processing by SessionsController#new as HTML
  Rendered sessions/new.html.erb within layouts/application (0.2ms)
Completed 200 OK in 1793ms (Views: 1791.7ms | ActiveRecord: 0.0ms)


Started GET "/user" for 127.0.0.1 at 2015-07-18 16:08:48 -0700
Processing by UsersController#show as HTML
Redirected to http://localhost:3000/session/new
Completed 302 Found in 2ms (ActiveRecord: 0.0ms)


Started GET "/assets/static_pages.css?body=1" for 127.0.0.1 at 2015-07-18 16:08:48 -0700


Started GET "/assets/application.css?body=1" for 127.0.0.1 at 2015-07-18 16:08:48 -0700


Started GET "/assets/static_pages.js?body=1" for 127.0.0.1 at 2015-07-18 16:08:48 -0700


Started GET "/assets/jquery.js?body=1" for 127.0.0.1 at 2015-07-18 16:08:48 -0700


Started GET "/assets/application.js?body=1" for 127.0.0.1 at 2015-07-18 16:08:48 -0700


Started GET "/assets/turbolinks.js?body=1" for 127.0.0.1 at 2015-07-18 16:08:48 -0700


Started GET "/assets/bootstrap.js?body=1" for 127.0.0.1 at 2015-07-18 16:08:48 -0700


Started GET "/assets/jquery_ujs.js?body=1" for 127.0.0.1 at 2015-07-18 16:08:48 -0700


Started GET "/contact" for 127.0.0.1 at 2015-07-18 16:08:49 -0700

ActionController::RoutingError - uninitialized constant StaticpagesController:
  actionpack (4.0.2) lib/action_dispatch/routing/route_set.rb:69:in `rescue in controller'
  actionpack (4.0.2) lib/action_dispatch/routing/route_set.rb:64:in `controller'
  actionpack (4.0.2) lib/action_dispatch/routing/route_set.rb:44:in `call'
  actionpack (4.0.2) lib/action_dispatch/journey/router.rb:71:in `block in call'
  actionpack (4.0.2) lib/action_dispatch/journey/router.rb:59:in `call'
  actionpack (4.0.2) lib/action_dispatch/routing/route_set.rb:680:in `call'
  rack (1.5.2) lib/rack/etag.rb:23:in `call'
  rack (1.5.2) lib/rack/conditionalget.rb:25:in `call'
  rack (1.5.2) lib/rack/head.rb:11:in `call'
  actionpack (4.0.2) lib/action_dispatch/middleware/params_parser.rb:27:in `call'
  actionpack (4.0.2) lib/action_dispatch/middleware/flash.rb:241:in `call'
  rack (1.5.2) lib/rack/session/abstract/id.rb:225:in `context'
  rack (1.5.2) lib/rack/session/abstract/id.rb:220:in `call'
  actionpack (4.0.2) lib/action_dispatch/middleware/cookies.rb:486:in `call'
  activerecord (4.0.2) lib/active_record/query_cache.rb:36:in `call'
  activerecord (4.0.2) lib/active_record/connection_adapters/abstract/connection_pool.rb:626:in `call'
  activerecord (4.0.2) lib/active_record/migration.rb:369:in `call'
  actionpack (4.0.2) lib/action_dispatch/middleware/callbacks.rb:29:in `block in call'
  activesupport (4.0.2) lib/active_support/callbacks.rb:373:in `_run__3282861808033918078__call__callbacks'
  activesupport (4.0.2) lib/active_support/callbacks.rb:80:in `run_callbacks'
  actionpack (4.0.2) lib/action_dispatch/middleware/callbacks.rb:27:in `call'
  actionpack (4.0.2) lib/action_dispatch/middleware/reloader.rb:64:in `call'
  actionpack (4.0.2) lib/action_dispatch/middleware/remote_ip.rb:76:in `call'
  better_errors (1.0.1) lib/better_errors/middleware.rb:84:in `protected_app_call'
  better_errors (1.0.1) lib/better_errors/middleware.rb:79:in `better_errors_call'
  better_errors (1.0.1) lib/better_errors/middleware.rb:56:in `call'
  actionpack (4.0.2) lib/action_dispatch/middleware/debug_exceptions.rb:17:in `call'
  actionpack (4.0.2) lib/action_dispatch/middleware/show_exceptions.rb:30:in `call'
  railties (4.0.2) lib/rails/rack/logger.rb:38:in `call_app'
  railties (4.0.2) lib/rails/rack/logger.rb:20:in `block in call'
  activesupport (4.0.2) lib/active_support/tagged_logging.rb:67:in `block in tagged'
  activesupport (4.0.2) lib/active_support/tagged_logging.rb:25:in `tagged'
  activesupport (4.0.2) lib/active_support/tagged_logging.rb:67:in `tagged'
  railties (4.0.2) lib/rails/rack/logger.rb:20:in `call'
  actionpack (4.0.2) lib/action_dispatch/middleware/request_id.rb:21:in `call'
  rack (1.5.2) lib/rack/methodoverride.rb:21:in `call'
  rack (1.5.2) lib/rack/runtime.rb:17:in `call'
  activesupport (4.0.2) lib/active_support/cache/strategy/local_cache.rb:83:in `call'
  rack (1.5.2) lib/rack/lock.rb:17:in `call'
  actionpack (4.0.2) lib/action_dispatch/middleware/static.rb:64:in `call'
  rack (1.5.2) lib/rack/sendfile.rb:112:in `call'
  railties (4.0.2) lib/rails/engine.rb:511:in `call'
  railties (4.0.2) lib/rails/application.rb:97:in `call'
  rack (1.5.2) lib/rack/lock.rb:17:in `call'
  rack (1.5.2) lib/rack/content_length.rb:14:in `call'
  rack (1.5.2) lib/rack/handler/webrick.rb:60:in `service'
  /Users/appacademy/.rbenv/versions/2.1.2/lib/ruby/2.1.0/webrick/httpserver.rb:138:in `service'
  /Users/appacademy/.rbenv/versions/2.1.2/lib/ruby/2.1.0/webrick/httpserver.rb:94:in `run'
  /Users/appacademy/.rbenv/versions/2.1.2/lib/ruby/2.1.0/webrick/server.rb:295:in `block in start_thread'



Started GET "/contact" for 127.0.0.1 at 2015-07-18 16:08:49 -0700

ActionController::RoutingError - uninitialized constant StaticpagesController:
  actionpack (4.0.2) lib/action_dispatch/routing/route_set.rb:69:in `rescue in controller'
  actionpack (4.0.2) lib/action_dispatch/routing/route_set.rb:64:in `controller'
  actionpack (4.0.2) lib/action_dispatch/routing/route_set.rb:44:in `call'
  actionpack (4.0.2) lib/action_dispatch/journey/router.rb:71:in `block in call'
  actionpack (4.0.2) lib/action_dispatch/journey/router.rb:59:in `call'
  actionpack (4.0.2) lib/action_dispatch/routing/route_set.rb:680:in `call'
  rack (1.5.2) lib/rack/etag.rb:23:in `call'
  rack (1.5.2) lib/rack/conditionalget.rb:25:in `call'
  rack (1.5.2) lib/rack/head.rb:11:in `call'
  actionpack (4.0.2) lib/action_dispatch/middleware/params_parser.rb:27:in `call'
  actionpack (4.0.2) lib/action_dispatch/middleware/flash.rb:241:in `call'
  rack (1.5.2) lib/rack/session/abstract/id.rb:225:in `context'
  rack (1.5.2) lib/rack/session/abstract/id.rb:220:in `call'
  actionpack (4.0.2) lib/action_dispatch/middleware/cookies.rb:486:in `call'
  activerecord (4.0.2) lib/active_record/query_cache.rb:36:in `call'
  activerecord (4.0.2) lib/active_record/connection_adapters/abstract/connection_pool.rb:626:in `call'
  activerecord (4.0.2) lib/active_record/migration.rb:369:in `call'
  actionpack (4.0.2) lib/action_dispatch/middleware/callbacks.rb:29:in `block in call'
  activesupport (4.0.2) lib/active_support/callbacks.rb:373:in `_run__3282861808033918078__call__callbacks'
  activesupport (4.0.2) lib/active_support/callbacks.rb:80:in `run_callbacks'
  actionpack (4.0.2) lib/action_dispatch/middleware/callbacks.rb:27:in `call'
  actionpack (4.0.2) lib/action_dispatch/middleware/reloader.rb:64:in `call'
  actionpack (4.0.2) lib/action_dispatch/middleware/remote_ip.rb:76:in `call'
  better_errors (1.0.1) lib/better_errors/middleware.rb:84:in `protected_app_call'
  better_errors (1.0.1) lib/better_errors/middleware.rb:79:in `better_errors_call'
  better_errors (1.0.1) lib/better_errors/middleware.rb:56:in `call'
  actionpack (4.0.2) lib/action_dispatch/middleware/debug_exceptions.rb:17:in `call'
  actionpack (4.0.2) lib/action_dispatch/middleware/show_exceptions.rb:30:in `call'
  railties (4.0.2) lib/rails/rack/logger.rb:38:in `call_app'
  railties (4.0.2) lib/rails/rack/logger.rb:20:in `block in call'
  activesupport (4.0.2) lib/active_support/tagged_logging.rb:67:in `block in tagged'
  activesupport (4.0.2) lib/active_support/tagged_logging.rb:25:in `tagged'
  activesupport (4.0.2) lib/active_support/tagged_logging.rb:67:in `tagged'
  railties (4.0.2) lib/rails/rack/logger.rb:20:in `call'
  actionpack (4.0.2) lib/action_dispatch/middleware/request_id.rb:21:in `call'
  rack (1.5.2) lib/rack/methodoverride.rb:21:in `call'
  rack (1.5.2) lib/rack/runtime.rb:17:in `call'
  activesupport (4.0.2) lib/active_support/cache/strategy/local_cache.rb:83:in `call'
  rack (1.5.2) lib/rack/lock.rb:17:in `call'
  actionpack (4.0.2) lib/action_dispatch/middleware/static.rb:64:in `call'
  rack (1.5.2) lib/rack/sendfile.rb:112:in `call'
  railties (4.0.2) lib/rails/engine.rb:511:in `call'
  railties (4.0.2) lib/rails/application.rb:97:in `call'
  rack (1.5.2) lib/rack/lock.rb:17:in `call'
  rack (1.5.2) lib/rack/content_length.rb:14:in `call'
  rack (1.5.2) lib/rack/handler/webrick.rb:60:in `service'
  /Users/appacademy/.rbenv/versions/2.1.2/lib/ruby/2.1.0/webrick/httpserver.rb:138:in `service'
  /Users/appacademy/.rbenv/versions/2.1.2/lib/ruby/2.1.0/webrick/httpserver.rb:94:in `run'
  /Users/appacademy/.rbenv/versions/2.1.2/lib/ruby/2.1.0/webrick/server.rb:295:in `block in start_thread'



Started POST "/__better_errors/70094566167380/variables" for 127.0.0.1 at 2015-07-18 16:08:49 -0700


Started GET "/contact" for 127.0.0.1 at 2015-07-18 16:09:48 -0700
Processing by StaticPagesController#contact as HTML
  Rendered static_pages/contact.html.erb within layouts/application (0.6ms)
Completed 200 OK in 35ms (Views: 34.2ms | ActiveRecord: 0.0ms)


Started GET "/assets/jquery.js?body=1" for 127.0.0.1 at 2015-07-18 16:09:48 -0700


Started GET "/assets/static_pages.css?body=1" for 127.0.0.1 at 2015-07-18 16:09:48 -0700


Started GET "/assets/jquery_ujs.js?body=1" for 127.0.0.1 at 2015-07-18 16:09:48 -0700


Started GET "/assets/application.css?body=1" for 127.0.0.1 at 2015-07-18 16:09:48 -0700


Started GET "/assets/turbolinks.js?body=1" for 127.0.0.1 at 2015-07-18 16:09:48 -0700


Started GET "/assets/bootstrap.js?body=1" for 127.0.0.1 at 2015-07-18 16:09:48 -0700


Started GET "/assets/static_pages.js?body=1" for 127.0.0.1 at 2015-07-18 16:09:48 -0700


Started GET "/assets/application.js?body=1" for 127.0.0.1 at 2015-07-18 16:09:48 -0700


Started GET "/contact" for 127.0.0.1 at 2015-07-18 16:09:50 -0700
Processing by StaticPagesController#contact as HTML
  Rendered static_pages/contact.html.erb within layouts/application (0.3ms)
Completed 200 OK in 6ms (Views: 5.8ms | ActiveRecord: 0.0ms)


Started GET "/about" for 127.0.0.1 at 2015-07-18 16:09:51 -0700
Processing by StaticPagesController#about as HTML
  Rendered static_pages/about.html.erb within layouts/application (0.6ms)
Completed 200 OK in 33ms (Views: 32.7ms | ActiveRecord: 0.0ms)


Started GET "/home" for 127.0.0.1 at 2015-07-18 16:09:53 -0700
Processing by StaticPagesController#home as HTML
  Rendered static_pages/home.html.erb within layouts/application (0.4ms)
Completed 200 OK in 10ms (Views: 9.4ms | ActiveRecord: 0.0ms)
